<?xml version="1.0" encoding="UTF-8"?>
<testsuite name="org.zerock.m2.dao.MsgDAOTests" tests="3" skipped="0" failures="0" errors="0" timestamp="2021-08-12T08:17:07" hostname="DESKTOP-48H6MIU" time="7.968">
  <properties/>
  <testcase name="testList()" classname="org.zerock.m2.dao.MsgDAOTests" time="1.426"/>
  <testcase name="testInsertDummies()" classname="org.zerock.m2.dao.MsgDAOTests" time="6.472"/>
  <testcase name="testSelect()" classname="org.zerock.m2.dao.MsgDAOTests" time="0.068"/>
  <system-out><![CDATA[2021-08-12 17:17:04,513 Test worker DEBUG Apache Log4j Core 2.14.0 initializing configuration XmlConfiguration[location=C:\Users\이아현\IdeaProjects\m2\build\resources\main\log4j2.xml]
2021-08-12 17:17:04,532 Test worker DEBUG Installed 2 script engines
2021-08-12 17:17:05,240 Test worker DEBUG Graal.js version: 21.1.0, language: ECMAScript, threading: Not Thread Safe, compile: true, names: [js, JS, JavaScript, javascript, ECMAScript, ecmascript, Graal.js, graal.js, Graal-js, graal-js, Graal.JS, Graal-JS, GraalJS, GraalJSPolyglot], factory class: com.oracle.truffle.js.scriptengine.GraalJSEngineFactory
2021-08-12 17:17:06,204 Test worker DEBUG Oracle Nashorn version: 11.0.11, language: ECMAScript, threading: Not Thread Safe, compile: true, names: [nashorn, Nashorn, js, JS, JavaScript, javascript, ECMAScript, ecmascript], factory class: jdk.nashorn.api.scripting.NashornScriptEngineFactory
2021-08-12 17:17:06,207 Test worker DEBUG PluginManager 'Core' found 122 plugins
2021-08-12 17:17:06,213 Test worker DEBUG PluginManager 'Level' found 0 plugins
2021-08-12 17:17:06,264 Test worker DEBUG PluginManager 'Lookup' found 16 plugins
2021-08-12 17:17:06,282 Test worker DEBUG Building Plugin[name=layout, class=org.apache.logging.log4j.core.layout.PatternLayout].
2021-08-12 17:17:06,393 Test worker DEBUG PluginManager 'TypeConverter' found 26 plugins
2021-08-12 17:17:06,497 Test worker DEBUG PatternLayout$Builder(pattern="%d{yyyy-MM-dd hh:mm:ss} %5p [%c] %m%n", PatternSelector=null, Configuration(C:\Users\이아현\IdeaProjects\m2\build\resources\main\log4j2.xml), Replace=null, charset="UTF-8", alwaysWriteExceptions="null", disableAnsi="null", noConsoleNoAnsi="null", header="null", footer="null")
2021-08-12 17:17:06,504 Test worker DEBUG PluginManager 'Converter' found 44 plugins
2021-08-12 17:17:06,569 Test worker DEBUG Building Plugin[name=appender, class=org.apache.logging.log4j.core.appender.ConsoleAppender].
2021-08-12 17:17:06,642 Test worker DEBUG ConsoleAppender$Builder(target="SYSTEM_OUT", follow="null", direct="null", bufferedIo="null", bufferSize="null", immediateFlush="null", ignoreExceptions="null", PatternLayout(%d{yyyy-MM-dd hh:mm:ss} %5p [%c] %m%n), name="console", Configuration(C:\Users\이아현\IdeaProjects\m2\build\resources\main\log4j2.xml), Filter=null, ={})
2021-08-12 17:17:06,653 Test worker DEBUG Starting OutputStreamManager SYSTEM_OUT.false.false
2021-08-12 17:17:06,655 Test worker DEBUG Building Plugin[name=appenders, class=org.apache.logging.log4j.core.config.AppendersPlugin].
2021-08-12 17:17:06,668 Test worker DEBUG createAppenders(={console})
2021-08-12 17:17:06,669 Test worker DEBUG Building Plugin[name=appender-ref, class=org.apache.logging.log4j.core.config.AppenderRef].
2021-08-12 17:17:06,678 Test worker DEBUG createAppenderRef(ref="consoloe", level="null", Filter=null)
2021-08-12 17:17:06,680 Test worker DEBUG Building Plugin[name=logger, class=org.apache.logging.log4j.core.config.LoggerConfig].
2021-08-12 17:17:06,688 Test worker DEBUG createLogger(additivity="false", level="DEBUG", name="java.sql.PreparedStatement", includeLocation="null", ={consoloe}, ={}, Configuration(C:\Users\이아현\IdeaProjects\m2\build\resources\main\log4j2.xml), Filter=null)
2021-08-12 17:17:06,707 Test worker DEBUG Building Plugin[name=appender-ref, class=org.apache.logging.log4j.core.config.AppenderRef].
2021-08-12 17:17:06,712 Test worker DEBUG createAppenderRef(ref="consoloe", level="null", Filter=null)
2021-08-12 17:17:06,715 Test worker DEBUG Building Plugin[name=logger, class=org.apache.logging.log4j.core.config.LoggerConfig].
2021-08-12 17:17:06,811 Test worker DEBUG createLogger(additivity="false", level="DEBUG", name="java.sql.ResultSet", includeLocation="null", ={consoloe}, ={}, Configuration(C:\Users\이아현\IdeaProjects\m2\build\resources\main\log4j2.xml), Filter=null)
2021-08-12 17:17:06,813 Test worker DEBUG Building Plugin[name=AppenderRef, class=org.apache.logging.log4j.core.config.AppenderRef].
2021-08-12 17:17:06,815 Test worker DEBUG createAppenderRef(ref="console", level="null", Filter=null)
2021-08-12 17:17:06,821 Test worker DEBUG Building Plugin[name=root, class=org.apache.logging.log4j.core.config.LoggerConfig$RootLogger].
2021-08-12 17:17:06,831 Test worker DEBUG createLogger(additivity="true", level="DEBUG", includeLocation="null", ={console}, ={}, Configuration(C:\Users\이아현\IdeaProjects\m2\build\resources\main\log4j2.xml), Filter=null)
2021-08-12 17:17:06,834 Test worker DEBUG Building Plugin[name=loggers, class=org.apache.logging.log4j.core.config.LoggersPlugin].
2021-08-12 17:17:06,840 Test worker DEBUG createLoggers(={java.sql.PreparedStatement, java.sql.ResultSet, root})
2021-08-12 17:17:06,842 Test worker ERROR Unable to locate appender "consoloe" for logger config "java.sql.ResultSet"
2021-08-12 17:17:06,909 Test worker ERROR Unable to locate appender "consoloe" for logger config "java.sql.PreparedStatement"
2021-08-12 17:17:06,914 Test worker DEBUG Configuration XmlConfiguration[location=C:\Users\이아현\IdeaProjects\m2\build\resources\main\log4j2.xml] initialized
2021-08-12 17:17:06,918 Test worker DEBUG Starting configuration XmlConfiguration[location=C:\Users\이아현\IdeaProjects\m2\build\resources\main\log4j2.xml]
2021-08-12 17:17:06,921 Test worker DEBUG Started configuration XmlConfiguration[location=C:\Users\이아현\IdeaProjects\m2\build\resources\main\log4j2.xml] OK.
2021-08-12 17:17:06,925 Test worker DEBUG Shutting down OutputStreamManager SYSTEM_OUT.false.false-1
2021-08-12 17:17:06,928 Test worker DEBUG OutputStream closed
2021-08-12 17:17:06,931 Test worker DEBUG Shut down OutputStreamManager SYSTEM_OUT.false.false-1, all resources released: true
2021-08-12 17:17:06,933 Test worker DEBUG Appender DefaultConsole-1 stopped with status true
2021-08-12 17:17:06,934 Test worker DEBUG Stopped org.apache.logging.log4j.core.config.DefaultConfiguration@201244df OK
2021-08-12 17:17:07,084 Test worker DEBUG Registering MBean org.apache.logging.log4j2:type=2f0e140b
2021-08-12 17:17:07,090 Test worker DEBUG Registering MBean org.apache.logging.log4j2:type=2f0e140b,component=StatusLogger
2021-08-12 17:17:07,094 Test worker DEBUG Registering MBean org.apache.logging.log4j2:type=2f0e140b,component=ContextSelector
2021-08-12 17:17:07,102 Test worker DEBUG Registering MBean org.apache.logging.log4j2:type=2f0e140b,component=Loggers,name=
2021-08-12 17:17:07,105 Test worker DEBUG Registering MBean org.apache.logging.log4j2:type=2f0e140b,component=Loggers,name=java.sql.ResultSet
2021-08-12 17:17:07,133 Test worker DEBUG Registering MBean org.apache.logging.log4j2:type=2f0e140b,component=Loggers,name=java.sql.PreparedStatement
2021-08-12 17:17:07,138 Test worker DEBUG Registering MBean org.apache.logging.log4j2:type=2f0e140b,component=Appenders,name=console
2021-08-12 17:17:07,174 Test worker DEBUG org.apache.logging.log4j.core.util.SystemClock supports precise timestamps.
2021-08-12 17:17:07,180 Test worker DEBUG Reconfiguration complete for context[name=2f0e140b] at URI C:\Users\이아현\IdeaProjects\m2\build\resources\main\log4j2.xml (org.apache.logging.log4j.core.LoggerContext@1b1b869) with optional ClassLoader: null
2021-08-12 17:17:07,197 Test worker DEBUG Shutdown hook enabled. Registering a new one.
2021-08-12 17:17:07,394 Test worker DEBUG LoggerContext[name=2f0e140b, org.apache.logging.log4j.core.LoggerContext@1b1b869] started OK.
2021-08-12 05:17:07  INFO [org.zerock.m2.dao.JdbcTemplate] makeConnection
2021-08-12 05:17:08  INFO [org.zerock.m2.dao.MsgDAO] com.mysql.cj.jdbc.result.ResultSetImpl@19ab5bd7
2021-08-12 05:17:08  INFO [org.zerock.m2.dao.JdbcTemplate] END
2021-08-12 05:17:08  INFO [org.zerock.m2.dao.JdbcTemplate] ------------finish--------------
2021-08-12 05:17:08  INFO [org.zerock.m2.dao.JdbcTemplate] Template ResultSet: com.mysql.cj.jdbc.result.ResultSetImpl@19ab5bd7
2021-08-12 05:17:08  INFO [org.zerock.m2.dao.JdbcTemplate] Template PreparedStatement: com.mysql.cj.jdbc.ClientPreparedStatement: select mno, who, whom, if(who = 'user5', 'R', 'S') kind, content, regdate, opendate
from
  tbl_msg
where
  whom = 'user5' or who = 'user5'
order by kind asc, mno desc
2021-08-12 05:17:08  INFO [org.zerock.m2.dao.JdbcTemplate] com.mysql.cj.jdbc.ConnectionImpl@565fa444
2021-08-12 05:17:08  INFO [org.zerock.m2.dao.MsgDAOTests] 諛쏆� 紐⑸줉.........................
2021-08-12 05:17:08  INFO [org.zerock.m2.dao.MsgDAOTests] MsgDTO(mno=594, who=user5, whom=user1, content=Sample ..99, regDate=2021-08-12 17:13:33.0, openDate=null)
2021-08-12 05:17:08  INFO [org.zerock.m2.dao.MsgDAOTests] MsgDTO(mno=593, who=user5, whom=user5, content=Sample ..98, regDate=2021-08-12 17:13:33.0, openDate=null)
2021-08-12 05:17:08  INFO [org.zerock.m2.dao.MsgDAOTests] MsgDTO(mno=588, who=user5, whom=user3, content=Sample ..93, regDate=2021-08-12 17:13:32.0, openDate=null)
2021-08-12 05:17:08  INFO [org.zerock.m2.dao.MsgDAOTests] MsgDTO(mno=574, who=user5, whom=user2, content=Sample ..79, regDate=2021-08-12 17:13:32.0, openDate=null)
2021-08-12 05:17:08  INFO [org.zerock.m2.dao.MsgDAOTests] MsgDTO(mno=570, who=user5, whom=user6, content=Sample ..75, regDate=2021-08-12 17:13:32.0, openDate=null)
2021-08-12 05:17:08  INFO [org.zerock.m2.dao.MsgDAOTests] MsgDTO(mno=543, who=user5, whom=user2, content=Sample ..48, regDate=2021-08-12 17:13:31.0, openDate=null)
2021-08-12 05:17:08  INFO [org.zerock.m2.dao.MsgDAOTests] MsgDTO(mno=541, who=user5, whom=user9, content=Sample ..46, regDate=2021-08-12 17:13:30.0, openDate=null)
2021-08-12 05:17:08  INFO [org.zerock.m2.dao.MsgDAOTests] MsgDTO(mno=523, who=user5, whom=user4, content=Sample ..28, regDate=2021-08-12 17:13:30.0, openDate=null)
2021-08-12 05:17:08  INFO [org.zerock.m2.dao.MsgDAOTests] MsgDTO(mno=521, who=user5, whom=user3, content=Sample ..26, regDate=2021-08-12 17:13:30.0, openDate=null)
2021-08-12 05:17:08  INFO [org.zerock.m2.dao.MsgDAOTests] MsgDTO(mno=500, who=user5, whom=user3, content=Sample ..5, regDate=2021-08-12 17:13:28.0, openDate=null)
2021-08-12 05:17:08  INFO [org.zerock.m2.dao.MsgDAOTests] MsgDTO(mno=497, who=user5, whom=user2, content=Sample ..2, regDate=2021-08-12 17:13:28.0, openDate=null)
2021-08-12 05:17:08  INFO [org.zerock.m2.dao.MsgDAOTests] MsgDTO(mno=479, who=user5, whom=user2, content=Sample ..84, regDate=2021-08-12 16:47:50.0, openDate=null)
2021-08-12 05:17:08  INFO [org.zerock.m2.dao.MsgDAOTests] MsgDTO(mno=467, who=user5, whom=user0, content=Sample ..72, regDate=2021-08-12 16:47:49.0, openDate=null)
2021-08-12 05:17:08  INFO [org.zerock.m2.dao.MsgDAOTests] MsgDTO(mno=444, who=user5, whom=user0, content=Sample ..49, regDate=2021-08-12 16:47:48.0, openDate=null)
2021-08-12 05:17:08  INFO [org.zerock.m2.dao.MsgDAOTests] MsgDTO(mno=423, who=user5, whom=user3, content=Sample ..28, regDate=2021-08-12 16:47:47.0, openDate=null)
2021-08-12 05:17:08  INFO [org.zerock.m2.dao.MsgDAOTests] MsgDTO(mno=403, who=user5, whom=user9, content=Sample ..8, regDate=2021-08-12 16:47:46.0, openDate=null)
2021-08-12 05:17:08  INFO [org.zerock.m2.dao.MsgDAOTests] MsgDTO(mno=397, who=user5, whom=user9, content=Sample ..2, regDate=2021-08-12 16:47:45.0, openDate=null)
2021-08-12 05:17:08  INFO [org.zerock.m2.dao.MsgDAOTests] MsgDTO(mno=389, who=user5, whom=user6, content=Sample ..57, regDate=2021-08-12 11:28:00.0, openDate=null)
2021-08-12 05:17:09  INFO [org.zerock.m2.dao.MsgDAOTests] MsgDTO(mno=375, who=user5, whom=user9, content=Sample ..43, regDate=2021-08-12 11:27:58.0, openDate=null)
2021-08-12 05:17:09  INFO [org.zerock.m2.dao.MsgDAOTests] MsgDTO(mno=367, who=user5, whom=user1, content=Sample ..35, regDate=2021-08-12 11:27:58.0, openDate=null)
2021-08-12 05:17:09  INFO [org.zerock.m2.dao.MsgDAOTests] MsgDTO(mno=364, who=user5, whom=user3, content=Sample ..32, regDate=2021-08-12 11:27:57.0, openDate=null)
2021-08-12 05:17:09  INFO [org.zerock.m2.dao.MsgDAOTests] MsgDTO(mno=361, who=user5, whom=user0, content=Sample ..29, regDate=2021-08-12 11:27:57.0, openDate=null)
2021-08-12 05:17:09  INFO [org.zerock.m2.dao.MsgDAOTests] MsgDTO(mno=358, who=user5, whom=user7, content=Sample ..26, regDate=2021-08-12 11:27:57.0, openDate=null)
2021-08-12 05:17:09  INFO [org.zerock.m2.dao.MsgDAOTests] MsgDTO(mno=353, who=user5, whom=user3, content=Sample ..21, regDate=2021-08-12 11:27:56.0, openDate=null)
2021-08-12 05:17:09  INFO [org.zerock.m2.dao.MsgDAOTests] MsgDTO(mno=339, who=user5, whom=user7, content=Sample ..7, regDate=2021-08-12 11:27:55.0, openDate=null)
2021-08-12 05:17:09  INFO [org.zerock.m2.dao.MsgDAOTests] MsgDTO(mno=338, who=user5, whom=user5, content=Sample ..6, regDate=2021-08-12 11:27:55.0, openDate=null)
2021-08-12 05:17:09  INFO [org.zerock.m2.dao.MsgDAOTests] MsgDTO(mno=327, who=user5, whom=user6, content=Sample ..95, regDate=2021-08-11 18:37:06.0, openDate=null)
2021-08-12 05:17:09  INFO [org.zerock.m2.dao.MsgDAOTests] MsgDTO(mno=322, who=user5, whom=user4, content=Sample ..90, regDate=2021-08-11 18:37:06.0, openDate=null)
2021-08-12 05:17:09  INFO [org.zerock.m2.dao.MsgDAOTests] MsgDTO(mno=303, who=user5, whom=user9, content=Sample ..71, regDate=2021-08-11 18:37:05.0, openDate=null)
2021-08-12 05:17:09  INFO [org.zerock.m2.dao.MsgDAOTests] MsgDTO(mno=289, who=user5, whom=user8, content=Sample ..57, regDate=2021-08-11 18:37:04.0, openDate=null)
2021-08-12 05:17:09  INFO [org.zerock.m2.dao.MsgDAOTests] MsgDTO(mno=286, who=user5, whom=user2, content=Sample ..54, regDate=2021-08-11 18:37:04.0, openDate=null)
2021-08-12 05:17:09  INFO [org.zerock.m2.dao.MsgDAOTests] MsgDTO(mno=262, who=user5, whom=user4, content=Sample ..30, regDate=2021-08-11 18:37:03.0, openDate=null)
2021-08-12 05:17:09  INFO [org.zerock.m2.dao.MsgDAOTests] MsgDTO(mno=257, who=user5, whom=user3, content=Sample ..25, regDate=2021-08-11 18:37:02.0, openDate=null)
2021-08-12 05:17:09  INFO [org.zerock.m2.dao.MsgDAOTests] MsgDTO(mno=256, who=user5, whom=user9, content=Sample ..24, regDate=2021-08-11 18:37:02.0, openDate=null)
2021-08-12 05:17:09  INFO [org.zerock.m2.dao.MsgDAOTests] MsgDTO(mno=250, who=user5, whom=user5, content=Sample ..18, regDate=2021-08-11 18:37:02.0, openDate=null)
2021-08-12 05:17:09  INFO [org.zerock.m2.dao.MsgDAOTests] MsgDTO(mno=243, who=user5, whom=user6, content=Sample ..11, regDate=2021-08-11 18:37:01.0, openDate=null)
2021-08-12 05:17:09  INFO [org.zerock.m2.dao.MsgDAOTests] MsgDTO(mno=234, who=user5, whom=user4, content=Sample ..2, regDate=2021-08-11 18:37:01.0, openDate=null)
2021-08-12 05:17:09  INFO [org.zerock.m2.dao.MsgDAOTests] MsgDTO(mno=228, who=user5, whom=user9, content=Sample ..96, regDate=2021-08-11 16:17:50.0, openDate=null)
2021-08-12 05:17:09  INFO [org.zerock.m2.dao.MsgDAOTests] MsgDTO(mno=206, who=user5, whom=user8, content=Sample ..74, regDate=2021-08-11 16:17:48.0, openDate=null)
2021-08-12 05:17:09  INFO [org.zerock.m2.dao.MsgDAOTests] MsgDTO(mno=196, who=user5, whom=user9, content=Sample ..64, regDate=2021-08-11 16:17:46.0, openDate=null)
2021-08-12 05:17:09  INFO [org.zerock.m2.dao.MsgDAOTests] MsgDTO(mno=183, who=user5, whom=user5, content=Sample ..51, regDate=2021-08-11 16:17:45.0, openDate=null)
2021-08-12 05:17:09  INFO [org.zerock.m2.dao.MsgDAOTests] MsgDTO(mno=175, who=user5, whom=user6, content=Sample ..43, regDate=2021-08-11 16:17:43.0, openDate=null)
2021-08-12 05:17:09  INFO [org.zerock.m2.dao.MsgDAOTests] MsgDTO(mno=171, who=user5, whom=user6, content=Sample ..39, regDate=2021-08-11 16:17:43.0, openDate=null)
2021-08-12 05:17:09  INFO [org.zerock.m2.dao.MsgDAOTests] MsgDTO(mno=168, who=user5, whom=user6, content=Sample ..36, regDate=2021-08-11 16:17:42.0, openDate=null)
2021-08-12 05:17:09  INFO [org.zerock.m2.dao.MsgDAOTests] MsgDTO(mno=160, who=user5, whom=user8, content=Sample ..28, regDate=2021-08-11 16:17:41.0, openDate=null)
2021-08-12 05:17:09  INFO [org.zerock.m2.dao.MsgDAOTests] MsgDTO(mno=157, who=user5, whom=user8, content=Sample ..25, regDate=2021-08-11 16:17:41.0, openDate=null)
2021-08-12 05:17:09  INFO [org.zerock.m2.dao.MsgDAOTests] MsgDTO(mno=152, who=user5, whom=user6, content=Sample ..20, regDate=2021-08-11 16:17:40.0, openDate=null)
2021-08-12 05:17:09  INFO [org.zerock.m2.dao.MsgDAOTests] MsgDTO(mno=140, who=user5, whom=user6, content=Sample ..8, regDate=2021-08-11 16:17:39.0, openDate=null)
2021-08-12 05:17:09  INFO [org.zerock.m2.dao.MsgDAOTests] MsgDTO(mno=132, who=user5, whom=user9, content=Sample ..100, regDate=2021-08-11 12:53:44.0, openDate=null)
2021-08-12 05:17:09  INFO [org.zerock.m2.dao.MsgDAOTests] MsgDTO(mno=127, who=user5, whom=user4, content=Sample ..95, regDate=2021-08-11 12:53:43.0, openDate=null)
2021-08-12 05:17:09  INFO [org.zerock.m2.dao.MsgDAOTests] MsgDTO(mno=123, who=user5, whom=user5, content=Sample ..91, regDate=2021-08-11 12:53:43.0, openDate=null)
2021-08-12 05:17:09  INFO [org.zerock.m2.dao.MsgDAOTests] MsgDTO(mno=117, who=user5, whom=user3, content=Sample ..85, regDate=2021-08-11 12:53:42.0, openDate=null)
2021-08-12 05:17:09  INFO [org.zerock.m2.dao.MsgDAOTests] MsgDTO(mno=105, who=user5, whom=user3, content=Sample ..73, regDate=2021-08-11 12:53:41.0, openDate=null)
2021-08-12 05:17:09  INFO [org.zerock.m2.dao.MsgDAOTests] MsgDTO(mno=103, who=user5, whom=user6, content=Sample ..71, regDate=2021-08-11 12:53:41.0, openDate=null)
2021-08-12 05:17:09  INFO [org.zerock.m2.dao.MsgDAOTests] MsgDTO(mno=95, who=user5, whom=user6, content=Sample ..63, regDate=2021-08-11 12:53:40.0, openDate=null)
2021-08-12 05:17:09  INFO [org.zerock.m2.dao.MsgDAOTests] MsgDTO(mno=80, who=user5, whom=user3, content=Sample ..48, regDate=2021-08-11 12:53:38.0, openDate=null)
2021-08-12 05:17:09  INFO [org.zerock.m2.dao.MsgDAOTests] MsgDTO(mno=40, who=user5, whom=user8, content=Sample ..8, regDate=2021-08-11 12:53:31.0, openDate=null)
2021-08-12 05:17:09  INFO [org.zerock.m2.dao.MsgDAOTests] 蹂대궦 紐⑸줉.........................
2021-08-12 05:17:09  INFO [org.zerock.m2.dao.MsgDAOTests] MsgDTO(mno=587, who=user2, whom=user5, content=Sample ..92, regDate=2021-08-12 17:13:32.0, openDate=null)
2021-08-12 05:17:09  INFO [org.zerock.m2.dao.MsgDAOTests] MsgDTO(mno=582, who=user3, whom=user5, content=Sample ..87, regDate=2021-08-12 17:13:32.0, openDate=null)
2021-08-12 05:17:09  INFO [org.zerock.m2.dao.MsgDAOTests] MsgDTO(mno=581, who=user4, whom=user5, content=Sample ..86, regDate=2021-08-12 17:13:32.0, openDate=null)
2021-08-12 05:17:09  INFO [org.zerock.m2.dao.MsgDAOTests] MsgDTO(mno=572, who=user6, whom=user5, content=Sample ..77, regDate=2021-08-12 17:13:32.0, openDate=null)
2021-08-12 05:17:09  INFO [org.zerock.m2.dao.MsgDAOTests] MsgDTO(mno=566, who=user4, whom=user5, content=Sample ..71, regDate=2021-08-12 17:13:31.0, openDate=null)
2021-08-12 05:17:09  INFO [org.zerock.m2.dao.MsgDAOTests] MsgDTO(mno=561, who=user1, whom=user5, content=Sample ..66, regDate=2021-08-12 17:13:31.0, openDate=null)
2021-08-12 05:17:09  INFO [org.zerock.m2.dao.MsgDAOTests] MsgDTO(mno=553, who=user0, whom=user5, content=Sample ..58, regDate=2021-08-12 17:13:31.0, openDate=null)
2021-08-12 05:17:09  INFO [org.zerock.m2.dao.MsgDAOTests] MsgDTO(mno=538, who=user3, whom=user5, content=Sample ..43, regDate=2021-08-12 17:13:30.0, openDate=null)
2021-08-12 05:17:09  INFO [org.zerock.m2.dao.MsgDAOTests] MsgDTO(mno=535, who=user9, whom=user5, content=Sample ..40, regDate=2021-08-12 17:13:30.0, openDate=null)
2021-08-12 05:17:09  INFO [org.zerock.m2.dao.MsgDAOTests] MsgDTO(mno=518, who=user2, whom=user5, content=Sample ..23, regDate=2021-08-12 17:13:29.0, openDate=null)
2021-08-12 05:17:09  INFO [org.zerock.m2.dao.MsgDAOTests] MsgDTO(mno=498, who=user4, whom=user5, content=Sample ..3, regDate=2021-08-12 17:13:28.0, openDate=null)
2021-08-12 05:17:09  INFO [org.zerock.m2.dao.MsgDAOTests] MsgDTO(mno=489, who=user8, whom=user5, content=Sample ..94, regDate=2021-08-12 16:47:51.0, openDate=null)
2021-08-12 05:17:09  INFO [org.zerock.m2.dao.MsgDAOTests] MsgDTO(mno=469, who=user4, whom=user5, content=Sample ..74, regDate=2021-08-12 16:47:50.0, openDate=null)
2021-08-12 05:17:09  INFO [org.zerock.m2.dao.MsgDAOTests] MsgDTO(mno=468, who=user1, whom=user5, content=Sample ..73, regDate=2021-08-12 16:47:50.0, openDate=null)
2021-08-12 05:17:09  INFO [org.zerock.m2.dao.MsgDAOTests] MsgDTO(mno=427, who=user3, whom=user5, content=Sample ..32, regDate=2021-08-12 16:47:47.0, openDate=null)
2021-08-12 05:17:09  INFO [org.zerock.m2.dao.MsgDAOTests] MsgDTO(mno=399, who=user2, whom=user5, content=Sample ..4, regDate=2021-08-12 16:47:45.0, openDate=null)
2021-08-12 05:17:09  INFO [org.zerock.m2.dao.MsgDAOTests] MsgDTO(mno=394, who=user2, whom=user5, content=Sample ..62, regDate=2021-08-12 11:28:01.0, openDate=null)
2021-08-12 05:17:09  INFO [org.zerock.m2.dao.MsgDAOTests] MsgDTO(mno=333, who=user1, whom=user5, content=Sample ..1, regDate=2021-08-12 11:27:54.0, openDate=null)
2021-08-12 05:17:09  INFO [org.zerock.m2.dao.MsgDAOTests] MsgDTO(mno=323, who=user6, whom=user5, content=Sample ..91, regDate=2021-08-11 18:37:06.0, openDate=null)
2021-08-12 05:17:09  INFO [org.zerock.m2.dao.MsgDAOTests] MsgDTO(mno=288, who=user6, whom=user5, content=Sample ..56, regDate=2021-08-11 18:37:04.0, openDate=null)
2021-08-12 05:17:09  INFO [org.zerock.m2.dao.MsgDAOTests] MsgDTO(mno=284, who=user1, whom=user5, content=Sample ..52, regDate=2021-08-11 18:37:04.0, openDate=null)
2021-08-12 05:17:09  INFO [org.zerock.m2.dao.MsgDAOTests] MsgDTO(mno=275, who=user8, whom=user5, content=Sample ..43, regDate=2021-08-11 18:37:04.0, openDate=null)
2021-08-12 05:17:09  INFO [org.zerock.m2.dao.MsgDAOTests] MsgDTO(mno=273, who=user3, whom=user5, content=Sample ..41, regDate=2021-08-11 18:37:03.0, openDate=null)
2021-08-12 05:17:09  INFO [org.zerock.m2.dao.MsgDAOTests] MsgDTO(mno=269, who=user1, whom=user5, content=Sample ..37, regDate=2021-08-11 18:37:03.0, openDate=null)
2021-08-12 05:17:09  INFO [org.zerock.m2.dao.MsgDAOTests] MsgDTO(mno=258, who=user1, whom=user5, content=Sample ..26, regDate=2021-08-11 18:37:02.0, openDate=null)
2021-08-12 05:17:09  INFO [org.zerock.m2.dao.MsgDAOTests] MsgDTO(mno=249, who=user1, whom=user5, content=Sample ..17, regDate=2021-08-11 18:37:02.0, openDate=null)
2021-08-12 05:17:09  INFO [org.zerock.m2.dao.MsgDAOTests] MsgDTO(mno=223, who=user2, whom=user5, content=Sample ..91, regDate=2021-08-11 16:17:50.0, openDate=null)
2021-08-12 05:17:09  INFO [org.zerock.m2.dao.MsgDAOTests] MsgDTO(mno=214, who=user9, whom=user5, content=Sample ..82, regDate=2021-08-11 16:17:49.0, openDate=null)
2021-08-12 05:17:09  INFO [org.zerock.m2.dao.MsgDAOTests] MsgDTO(mno=207, who=user9, whom=user5, content=Sample ..75, regDate=2021-08-11 16:17:48.0, openDate=null)
2021-08-12 05:17:09  INFO [org.zerock.m2.dao.MsgDAOTests] MsgDTO(mno=180, who=user7, whom=user5, content=Sample ..48, regDate=2021-08-11 16:17:45.0, openDate=null)
2021-08-12 05:17:09  INFO [org.zerock.m2.dao.MsgDAOTests] MsgDTO(mno=173, who=user7, whom=user5, content=Sample ..41, regDate=2021-08-11 16:17:43.0, openDate=null)
2021-08-12 05:17:09  INFO [org.zerock.m2.dao.MsgDAOTests] MsgDTO(mno=169, who=user3, whom=user5, content=Sample ..37, regDate=2021-08-11 16:17:42.0, openDate=null)
2021-08-12 05:17:09  INFO [org.zerock.m2.dao.MsgDAOTests] MsgDTO(mno=159, who=user2, whom=user5, content=Sample ..27, regDate=2021-08-11 16:17:41.0, openDate=null)
2021-08-12 05:17:09  INFO [org.zerock.m2.dao.MsgDAOTests] MsgDTO(mno=151, who=user6, whom=user5, content=Sample ..19, regDate=2021-08-11 16:17:40.0, openDate=null)
2021-08-12 05:17:09  INFO [org.zerock.m2.dao.MsgDAOTests] MsgDTO(mno=150, who=user3, whom=user5, content=Sample ..18, regDate=2021-08-11 16:17:40.0, openDate=null)
2021-08-12 05:17:09  INFO [org.zerock.m2.dao.MsgDAOTests] MsgDTO(mno=135, who=user4, whom=user5, content=Sample ..3, regDate=2021-08-11 16:17:38.0, openDate=null)
2021-08-12 05:17:09  INFO [org.zerock.m2.dao.MsgDAOTests] MsgDTO(mno=129, who=user9, whom=user5, content=Sample ..97, regDate=2021-08-11 12:53:43.0, openDate=null)
2021-08-12 05:17:09  INFO [org.zerock.m2.dao.MsgDAOTests] MsgDTO(mno=112, who=user7, whom=user5, content=Sample ..80, regDate=2021-08-11 12:53:42.0, openDate=null)
2021-08-12 05:17:09  INFO [org.zerock.m2.dao.MsgDAOTests] MsgDTO(mno=92, who=user2, whom=user5, content=Sample ..60, regDate=2021-08-11 12:53:40.0, openDate=null)
2021-08-12 05:17:09  INFO [org.zerock.m2.dao.MsgDAOTests] MsgDTO(mno=88, who=user6, whom=user5, content=Sample ..56, regDate=2021-08-11 12:53:39.0, openDate=null)
2021-08-12 05:17:09  INFO [org.zerock.m2.dao.MsgDAOTests] MsgDTO(mno=78, who=user2, whom=user5, content=Sample ..46, regDate=2021-08-11 12:53:36.0, openDate=null)
2021-08-12 05:17:09  INFO [org.zerock.m2.dao.MsgDAOTests] MsgDTO(mno=66, who=user2, whom=user5, content=Sample ..34, regDate=2021-08-11 12:53:34.0, openDate=null)
2021-08-12 05:17:09  INFO [org.zerock.m2.dao.MsgDAOTests] MsgDTO(mno=44, who=user2, whom=user5, content=Sample ..12, regDate=2021-08-11 12:53:32.0, openDate=null)
2021-08-12 05:17:09  INFO [org.zerock.m2.dao.MsgDAOTests] MsgDTO(mno=42, who=user9, whom=user5, content=Sample ..10, regDate=2021-08-11 12:53:32.0, openDate=null)
2021-08-12 05:17:09  INFO [org.zerock.m2.dao.MsgDAOTests] MsgDTO(mno=35, who=user6, whom=user5, content=Sample ..3, regDate=2021-08-11 12:53:30.0, openDate=null)
2021-08-12 05:17:09  INFO [org.zerock.m2.dao.JdbcTemplate] makeConnection
2021-08-12 05:17:09  INFO [org.zerock.m2.dao.MsgDAO] count: 1
2021-08-12 05:17:09  INFO [org.zerock.m2.dao.JdbcTemplate] END
2021-08-12 05:17:09  INFO [org.zerock.m2.dao.JdbcTemplate] ------------finish--------------
2021-08-12 05:17:09  INFO [org.zerock.m2.dao.JdbcTemplate] Template ResultSet: null
2021-08-12 05:17:09  INFO [org.zerock.m2.dao.JdbcTemplate] Template PreparedStatement: com.mysql.cj.jdbc.ClientPreparedStatement: insert into tbl_msg (who,whom,content) values ('user1','user3','Sample ..1')
2021-08-12 05:17:09  INFO [org.zerock.m2.dao.JdbcTemplate] com.mysql.cj.jdbc.ConnectionImpl@2089201
2021-08-12 05:17:09  INFO [org.zerock.m2.dao.JdbcTemplate] makeConnection
2021-08-12 05:17:09  INFO [org.zerock.m2.dao.MsgDAO] count: 1
2021-08-12 05:17:09  INFO [org.zerock.m2.dao.JdbcTemplate] END
2021-08-12 05:17:09  INFO [org.zerock.m2.dao.JdbcTemplate] ------------finish--------------
2021-08-12 05:17:09  INFO [org.zerock.m2.dao.JdbcTemplate] Template ResultSet: null
2021-08-12 05:17:09  INFO [org.zerock.m2.dao.JdbcTemplate] Template PreparedStatement: com.mysql.cj.jdbc.ClientPreparedStatement: insert into tbl_msg (who,whom,content) values ('user7','user4','Sample ..2')
2021-08-12 05:17:09  INFO [org.zerock.m2.dao.JdbcTemplate] com.mysql.cj.jdbc.ConnectionImpl@46982c79
2021-08-12 05:17:09  INFO [org.zerock.m2.dao.JdbcTemplate] makeConnection
2021-08-12 05:17:09  INFO [org.zerock.m2.dao.MsgDAO] count: 1
2021-08-12 05:17:09  INFO [org.zerock.m2.dao.JdbcTemplate] END
2021-08-12 05:17:09  INFO [org.zerock.m2.dao.JdbcTemplate] ------------finish--------------
2021-08-12 05:17:09  INFO [org.zerock.m2.dao.JdbcTemplate] Template ResultSet: null
2021-08-12 05:17:09  INFO [org.zerock.m2.dao.JdbcTemplate] Template PreparedStatement: com.mysql.cj.jdbc.ClientPreparedStatement: insert into tbl_msg (who,whom,content) values ('user2','user7','Sample ..3')
2021-08-12 05:17:09  INFO [org.zerock.m2.dao.JdbcTemplate] com.mysql.cj.jdbc.ConnectionImpl@38e7679c
2021-08-12 05:17:09  INFO [org.zerock.m2.dao.JdbcTemplate] makeConnection
2021-08-12 05:17:09  INFO [org.zerock.m2.dao.MsgDAO] count: 1
2021-08-12 05:17:09  INFO [org.zerock.m2.dao.JdbcTemplate] END
2021-08-12 05:17:09  INFO [org.zerock.m2.dao.JdbcTemplate] ------------finish--------------
2021-08-12 05:17:09  INFO [org.zerock.m2.dao.JdbcTemplate] Template ResultSet: null
2021-08-12 05:17:09  INFO [org.zerock.m2.dao.JdbcTemplate] Template PreparedStatement: com.mysql.cj.jdbc.ClientPreparedStatement: insert into tbl_msg (who,whom,content) values ('user2','user8','Sample ..4')
2021-08-12 05:17:09  INFO [org.zerock.m2.dao.JdbcTemplate] com.mysql.cj.jdbc.ConnectionImpl@4d3f11f2
2021-08-12 05:17:09  INFO [org.zerock.m2.dao.JdbcTemplate] makeConnection
2021-08-12 05:17:09  INFO [org.zerock.m2.dao.MsgDAO] count: 1
2021-08-12 05:17:09  INFO [org.zerock.m2.dao.JdbcTemplate] END
2021-08-12 05:17:09  INFO [org.zerock.m2.dao.JdbcTemplate] ------------finish--------------
2021-08-12 05:17:09  INFO [org.zerock.m2.dao.JdbcTemplate] Template ResultSet: null
2021-08-12 05:17:09  INFO [org.zerock.m2.dao.JdbcTemplate] Template PreparedStatement: com.mysql.cj.jdbc.ClientPreparedStatement: insert into tbl_msg (who,whom,content) values ('user1','user4','Sample ..5')
2021-08-12 05:17:09  INFO [org.zerock.m2.dao.JdbcTemplate] com.mysql.cj.jdbc.ConnectionImpl@22eed8c2
2021-08-12 05:17:09  INFO [org.zerock.m2.dao.JdbcTemplate] makeConnection
2021-08-12 05:17:09  INFO [org.zerock.m2.dao.MsgDAO] count: 1
2021-08-12 05:17:09  INFO [org.zerock.m2.dao.JdbcTemplate] END
2021-08-12 05:17:09  INFO [org.zerock.m2.dao.JdbcTemplate] ------------finish--------------
2021-08-12 05:17:09  INFO [org.zerock.m2.dao.JdbcTemplate] Template ResultSet: null
2021-08-12 05:17:09  INFO [org.zerock.m2.dao.JdbcTemplate] Template PreparedStatement: com.mysql.cj.jdbc.ClientPreparedStatement: insert into tbl_msg (who,whom,content) values ('user6','user8','Sample ..6')
2021-08-12 05:17:09  INFO [org.zerock.m2.dao.JdbcTemplate] com.mysql.cj.jdbc.ConnectionImpl@1f2abf82
2021-08-12 05:17:09  INFO [org.zerock.m2.dao.JdbcTemplate] makeConnection
2021-08-12 05:17:09  INFO [org.zerock.m2.dao.MsgDAO] count: 1
2021-08-12 05:17:09  INFO [org.zerock.m2.dao.JdbcTemplate] END
2021-08-12 05:17:09  INFO [org.zerock.m2.dao.JdbcTemplate] ------------finish--------------
2021-08-12 05:17:09  INFO [org.zerock.m2.dao.JdbcTemplate] Template ResultSet: null
2021-08-12 05:17:09  INFO [org.zerock.m2.dao.JdbcTemplate] Template PreparedStatement: com.mysql.cj.jdbc.ClientPreparedStatement: insert into tbl_msg (who,whom,content) values ('user6','user4','Sample ..7')
2021-08-12 05:17:09  INFO [org.zerock.m2.dao.JdbcTemplate] com.mysql.cj.jdbc.ConnectionImpl@7d4c29f
2021-08-12 05:17:09  INFO [org.zerock.m2.dao.JdbcTemplate] makeConnection
2021-08-12 05:17:09  INFO [org.zerock.m2.dao.MsgDAO] count: 1
2021-08-12 05:17:09  INFO [org.zerock.m2.dao.JdbcTemplate] END
2021-08-12 05:17:09  INFO [org.zerock.m2.dao.JdbcTemplate] ------------finish--------------
2021-08-12 05:17:09  INFO [org.zerock.m2.dao.JdbcTemplate] Template ResultSet: null
2021-08-12 05:17:09  INFO [org.zerock.m2.dao.JdbcTemplate] Template PreparedStatement: com.mysql.cj.jdbc.ClientPreparedStatement: insert into tbl_msg (who,whom,content) values ('user7','user6','Sample ..8')
2021-08-12 05:17:09  INFO [org.zerock.m2.dao.JdbcTemplate] com.mysql.cj.jdbc.ConnectionImpl@7b3023e4
2021-08-12 05:17:09  INFO [org.zerock.m2.dao.JdbcTemplate] makeConnection
2021-08-12 05:17:09  INFO [org.zerock.m2.dao.MsgDAO] count: 1
2021-08-12 05:17:09  INFO [org.zerock.m2.dao.JdbcTemplate] END
2021-08-12 05:17:09  INFO [org.zerock.m2.dao.JdbcTemplate] ------------finish--------------
2021-08-12 05:17:09  INFO [org.zerock.m2.dao.JdbcTemplate] Template ResultSet: null
2021-08-12 05:17:09  INFO [org.zerock.m2.dao.JdbcTemplate] Template PreparedStatement: com.mysql.cj.jdbc.ClientPreparedStatement: insert into tbl_msg (who,whom,content) values ('user4','user8','Sample ..9')
2021-08-12 05:17:09  INFO [org.zerock.m2.dao.JdbcTemplate] com.mysql.cj.jdbc.ConnectionImpl@266e351d
2021-08-12 05:17:09  INFO [org.zerock.m2.dao.JdbcTemplate] makeConnection
2021-08-12 05:17:09  INFO [org.zerock.m2.dao.MsgDAO] count: 1
2021-08-12 05:17:09  INFO [org.zerock.m2.dao.JdbcTemplate] END
2021-08-12 05:17:09  INFO [org.zerock.m2.dao.JdbcTemplate] ------------finish--------------
2021-08-12 05:17:09  INFO [org.zerock.m2.dao.JdbcTemplate] Template ResultSet: null
2021-08-12 05:17:09  INFO [org.zerock.m2.dao.JdbcTemplate] Template PreparedStatement: com.mysql.cj.jdbc.ClientPreparedStatement: insert into tbl_msg (who,whom,content) values ('user3','user1','Sample ..10')
2021-08-12 05:17:09  INFO [org.zerock.m2.dao.JdbcTemplate] com.mysql.cj.jdbc.ConnectionImpl@2ef76ecc
2021-08-12 05:17:09  INFO [org.zerock.m2.dao.JdbcTemplate] makeConnection
2021-08-12 05:17:09  INFO [org.zerock.m2.dao.MsgDAO] count: 1
2021-08-12 05:17:09  INFO [org.zerock.m2.dao.JdbcTemplate] END
2021-08-12 05:17:09  INFO [org.zerock.m2.dao.JdbcTemplate] ------------finish--------------
2021-08-12 05:17:09  INFO [org.zerock.m2.dao.JdbcTemplate] Template ResultSet: null
2021-08-12 05:17:09  INFO [org.zerock.m2.dao.JdbcTemplate] Template PreparedStatement: com.mysql.cj.jdbc.ClientPreparedStatement: insert into tbl_msg (who,whom,content) values ('user2','user3','Sample ..11')
2021-08-12 05:17:09  INFO [org.zerock.m2.dao.JdbcTemplate] com.mysql.cj.jdbc.ConnectionImpl@69d6827e
2021-08-12 05:17:09  INFO [org.zerock.m2.dao.JdbcTemplate] makeConnection
2021-08-12 05:17:09  INFO [org.zerock.m2.dao.MsgDAO] count: 1
2021-08-12 05:17:09  INFO [org.zerock.m2.dao.JdbcTemplate] END
2021-08-12 05:17:09  INFO [org.zerock.m2.dao.JdbcTemplate] ------------finish--------------
2021-08-12 05:17:09  INFO [org.zerock.m2.dao.JdbcTemplate] Template ResultSet: null
2021-08-12 05:17:09  INFO [org.zerock.m2.dao.JdbcTemplate] Template PreparedStatement: com.mysql.cj.jdbc.ClientPreparedStatement: insert into tbl_msg (who,whom,content) values ('user3','user0','Sample ..12')
2021-08-12 05:17:09  INFO [org.zerock.m2.dao.JdbcTemplate] com.mysql.cj.jdbc.ConnectionImpl@24e7eb96
2021-08-12 05:17:09  INFO [org.zerock.m2.dao.JdbcTemplate] makeConnection
2021-08-12 05:17:10  INFO [org.zerock.m2.dao.MsgDAO] count: 1
2021-08-12 05:17:10  INFO [org.zerock.m2.dao.JdbcTemplate] END
2021-08-12 05:17:10  INFO [org.zerock.m2.dao.JdbcTemplate] ------------finish--------------
2021-08-12 05:17:10  INFO [org.zerock.m2.dao.JdbcTemplate] Template ResultSet: null
2021-08-12 05:17:10  INFO [org.zerock.m2.dao.JdbcTemplate] Template PreparedStatement: com.mysql.cj.jdbc.ClientPreparedStatement: insert into tbl_msg (who,whom,content) values ('user5','user1','Sample ..13')
2021-08-12 05:17:10  INFO [org.zerock.m2.dao.JdbcTemplate] com.mysql.cj.jdbc.ConnectionImpl@678cfda
2021-08-12 05:17:10  INFO [org.zerock.m2.dao.JdbcTemplate] makeConnection
2021-08-12 05:17:10  INFO [org.zerock.m2.dao.MsgDAO] count: 1
2021-08-12 05:17:10  INFO [org.zerock.m2.dao.JdbcTemplate] END
2021-08-12 05:17:10  INFO [org.zerock.m2.dao.JdbcTemplate] ------------finish--------------
2021-08-12 05:17:10  INFO [org.zerock.m2.dao.JdbcTemplate] Template ResultSet: null
2021-08-12 05:17:10  INFO [org.zerock.m2.dao.JdbcTemplate] Template PreparedStatement: com.mysql.cj.jdbc.ClientPreparedStatement: insert into tbl_msg (who,whom,content) values ('user2','user3','Sample ..14')
2021-08-12 05:17:10  INFO [org.zerock.m2.dao.JdbcTemplate] com.mysql.cj.jdbc.ConnectionImpl@33fbdedf
2021-08-12 05:17:10  INFO [org.zerock.m2.dao.JdbcTemplate] makeConnection
2021-08-12 05:17:10  INFO [org.zerock.m2.dao.MsgDAO] count: 1
2021-08-12 05:17:10  INFO [org.zerock.m2.dao.JdbcTemplate] END
2021-08-12 05:17:10  INFO [org.zerock.m2.dao.JdbcTemplate] ------------finish--------------
2021-08-12 05:17:10  INFO [org.zerock.m2.dao.JdbcTemplate] Template ResultSet: null
2021-08-12 05:17:10  INFO [org.zerock.m2.dao.JdbcTemplate] Template PreparedStatement: com.mysql.cj.jdbc.ClientPreparedStatement: insert into tbl_msg (who,whom,content) values ('user6','user0','Sample ..15')
2021-08-12 05:17:10  INFO [org.zerock.m2.dao.JdbcTemplate] com.mysql.cj.jdbc.ConnectionImpl@94f181f
2021-08-12 05:17:10  INFO [org.zerock.m2.dao.JdbcTemplate] makeConnection
2021-08-12 05:17:10  INFO [org.zerock.m2.dao.MsgDAO] count: 1
2021-08-12 05:17:10  INFO [org.zerock.m2.dao.JdbcTemplate] END
2021-08-12 05:17:10  INFO [org.zerock.m2.dao.JdbcTemplate] ------------finish--------------
2021-08-12 05:17:10  INFO [org.zerock.m2.dao.JdbcTemplate] Template ResultSet: null
2021-08-12 05:17:10  INFO [org.zerock.m2.dao.JdbcTemplate] Template PreparedStatement: com.mysql.cj.jdbc.ClientPreparedStatement: insert into tbl_msg (who,whom,content) values ('user1','user2','Sample ..16')
2021-08-12 05:17:10  INFO [org.zerock.m2.dao.JdbcTemplate] com.mysql.cj.jdbc.ConnectionImpl@ca8a642
2021-08-12 05:17:10  INFO [org.zerock.m2.dao.JdbcTemplate] makeConnection
2021-08-12 05:17:10  INFO [org.zerock.m2.dao.MsgDAO] count: 1
2021-08-12 05:17:10  INFO [org.zerock.m2.dao.JdbcTemplate] END
2021-08-12 05:17:10  INFO [org.zerock.m2.dao.JdbcTemplate] ------------finish--------------
2021-08-12 05:17:10  INFO [org.zerock.m2.dao.JdbcTemplate] Template ResultSet: null
2021-08-12 05:17:10  INFO [org.zerock.m2.dao.JdbcTemplate] Template PreparedStatement: com.mysql.cj.jdbc.ClientPreparedStatement: insert into tbl_msg (who,whom,content) values ('user4','user3','Sample ..17')
2021-08-12 05:17:10  INFO [org.zerock.m2.dao.JdbcTemplate] com.mysql.cj.jdbc.ConnectionImpl@2ccc3d7c
2021-08-12 05:17:10  INFO [org.zerock.m2.dao.JdbcTemplate] makeConnection
2021-08-12 05:17:10  INFO [org.zerock.m2.dao.MsgDAO] count: 1
2021-08-12 05:17:10  INFO [org.zerock.m2.dao.JdbcTemplate] END
2021-08-12 05:17:10  INFO [org.zerock.m2.dao.JdbcTemplate] ------------finish--------------
2021-08-12 05:17:10  INFO [org.zerock.m2.dao.JdbcTemplate] Template ResultSet: null
2021-08-12 05:17:10  INFO [org.zerock.m2.dao.JdbcTemplate] Template PreparedStatement: com.mysql.cj.jdbc.ClientPreparedStatement: insert into tbl_msg (who,whom,content) values ('user7','user2','Sample ..18')
2021-08-12 05:17:10  INFO [org.zerock.m2.dao.JdbcTemplate] com.mysql.cj.jdbc.ConnectionImpl@480f0d22
2021-08-12 05:17:10  INFO [org.zerock.m2.dao.JdbcTemplate] makeConnection
2021-08-12 05:17:10  INFO [org.zerock.m2.dao.MsgDAO] count: 1
2021-08-12 05:17:10  INFO [org.zerock.m2.dao.JdbcTemplate] END
2021-08-12 05:17:10  INFO [org.zerock.m2.dao.JdbcTemplate] ------------finish--------------
2021-08-12 05:17:10  INFO [org.zerock.m2.dao.JdbcTemplate] Template ResultSet: null
2021-08-12 05:17:10  INFO [org.zerock.m2.dao.JdbcTemplate] Template PreparedStatement: com.mysql.cj.jdbc.ClientPreparedStatement: insert into tbl_msg (who,whom,content) values ('user3','user1','Sample ..19')
2021-08-12 05:17:10  INFO [org.zerock.m2.dao.JdbcTemplate] com.mysql.cj.jdbc.ConnectionImpl@2a0eb2be
2021-08-12 05:17:10  INFO [org.zerock.m2.dao.JdbcTemplate] makeConnection
2021-08-12 05:17:10  INFO [org.zerock.m2.dao.MsgDAO] count: 1
2021-08-12 05:17:10  INFO [org.zerock.m2.dao.JdbcTemplate] END
2021-08-12 05:17:10  INFO [org.zerock.m2.dao.JdbcTemplate] ------------finish--------------
2021-08-12 05:17:10  INFO [org.zerock.m2.dao.JdbcTemplate] Template ResultSet: null
2021-08-12 05:17:10  INFO [org.zerock.m2.dao.JdbcTemplate] Template PreparedStatement: com.mysql.cj.jdbc.ClientPreparedStatement: insert into tbl_msg (who,whom,content) values ('user0','user3','Sample ..20')
2021-08-12 05:17:10  INFO [org.zerock.m2.dao.JdbcTemplate] com.mysql.cj.jdbc.ConnectionImpl@126bc90d
2021-08-12 05:17:10  INFO [org.zerock.m2.dao.JdbcTemplate] makeConnection
2021-08-12 05:17:10  INFO [org.zerock.m2.dao.MsgDAO] count: 1
2021-08-12 05:17:10  INFO [org.zerock.m2.dao.JdbcTemplate] END
2021-08-12 05:17:10  INFO [org.zerock.m2.dao.JdbcTemplate] ------------finish--------------
2021-08-12 05:17:10  INFO [org.zerock.m2.dao.JdbcTemplate] Template ResultSet: null
2021-08-12 05:17:10  INFO [org.zerock.m2.dao.JdbcTemplate] Template PreparedStatement: com.mysql.cj.jdbc.ClientPreparedStatement: insert into tbl_msg (who,whom,content) values ('user4','user7','Sample ..21')
2021-08-12 05:17:10  INFO [org.zerock.m2.dao.JdbcTemplate] com.mysql.cj.jdbc.ConnectionImpl@3c041743
2021-08-12 05:17:10  INFO [org.zerock.m2.dao.JdbcTemplate] makeConnection
2021-08-12 05:17:10  INFO [org.zerock.m2.dao.MsgDAO] count: 1
2021-08-12 05:17:10  INFO [org.zerock.m2.dao.JdbcTemplate] END
2021-08-12 05:17:10  INFO [org.zerock.m2.dao.JdbcTemplate] ------------finish--------------
2021-08-12 05:17:10  INFO [org.zerock.m2.dao.JdbcTemplate] Template ResultSet: null
2021-08-12 05:17:10  INFO [org.zerock.m2.dao.JdbcTemplate] Template PreparedStatement: com.mysql.cj.jdbc.ClientPreparedStatement: insert into tbl_msg (who,whom,content) values ('user4','user1','Sample ..22')
2021-08-12 05:17:10  INFO [org.zerock.m2.dao.JdbcTemplate] com.mysql.cj.jdbc.ConnectionImpl@3f1b98d4
2021-08-12 05:17:10  INFO [org.zerock.m2.dao.JdbcTemplate] makeConnection
2021-08-12 05:17:10  INFO [org.zerock.m2.dao.MsgDAO] count: 1
2021-08-12 05:17:10  INFO [org.zerock.m2.dao.JdbcTemplate] END
2021-08-12 05:17:10  INFO [org.zerock.m2.dao.JdbcTemplate] ------------finish--------------
2021-08-12 05:17:10  INFO [org.zerock.m2.dao.JdbcTemplate] Template ResultSet: null
2021-08-12 05:17:10  INFO [org.zerock.m2.dao.JdbcTemplate] Template PreparedStatement: com.mysql.cj.jdbc.ClientPreparedStatement: insert into tbl_msg (who,whom,content) values ('user6','user4','Sample ..23')
2021-08-12 05:17:10  INFO [org.zerock.m2.dao.JdbcTemplate] com.mysql.cj.jdbc.ConnectionImpl@6c4b48fc
2021-08-12 05:17:10  INFO [org.zerock.m2.dao.JdbcTemplate] makeConnection
2021-08-12 05:17:10  INFO [org.zerock.m2.dao.MsgDAO] count: 1
2021-08-12 05:17:10  INFO [org.zerock.m2.dao.JdbcTemplate] END
2021-08-12 05:17:10  INFO [org.zerock.m2.dao.JdbcTemplate] ------------finish--------------
2021-08-12 05:17:10  INFO [org.zerock.m2.dao.JdbcTemplate] Template ResultSet: null
2021-08-12 05:17:10  INFO [org.zerock.m2.dao.JdbcTemplate] Template PreparedStatement: com.mysql.cj.jdbc.ClientPreparedStatement: insert into tbl_msg (who,whom,content) values ('user9','user9','Sample ..24')
2021-08-12 05:17:10  INFO [org.zerock.m2.dao.JdbcTemplate] com.mysql.cj.jdbc.ConnectionImpl@71e5839
2021-08-12 05:17:10  INFO [org.zerock.m2.dao.JdbcTemplate] makeConnection
2021-08-12 05:17:10  INFO [org.zerock.m2.dao.MsgDAO] count: 1
2021-08-12 05:17:10  INFO [org.zerock.m2.dao.JdbcTemplate] END
2021-08-12 05:17:10  INFO [org.zerock.m2.dao.JdbcTemplate] ------------finish--------------
2021-08-12 05:17:10  INFO [org.zerock.m2.dao.JdbcTemplate] Template ResultSet: null
2021-08-12 05:17:10  INFO [org.zerock.m2.dao.JdbcTemplate] Template PreparedStatement: com.mysql.cj.jdbc.ClientPreparedStatement: insert into tbl_msg (who,whom,content) values ('user7','user9','Sample ..25')
2021-08-12 05:17:10  INFO [org.zerock.m2.dao.JdbcTemplate] com.mysql.cj.jdbc.ConnectionImpl@5e001612
2021-08-12 05:17:10  INFO [org.zerock.m2.dao.JdbcTemplate] makeConnection
2021-08-12 05:17:10  INFO [org.zerock.m2.dao.MsgDAO] count: 1
2021-08-12 05:17:10  INFO [org.zerock.m2.dao.JdbcTemplate] END
2021-08-12 05:17:10  INFO [org.zerock.m2.dao.JdbcTemplate] ------------finish--------------
2021-08-12 05:17:10  INFO [org.zerock.m2.dao.JdbcTemplate] Template ResultSet: null
2021-08-12 05:17:10  INFO [org.zerock.m2.dao.JdbcTemplate] Template PreparedStatement: com.mysql.cj.jdbc.ClientPreparedStatement: insert into tbl_msg (who,whom,content) values ('user2','user0','Sample ..26')
2021-08-12 05:17:10  INFO [org.zerock.m2.dao.JdbcTemplate] com.mysql.cj.jdbc.ConnectionImpl@15b9ca43
2021-08-12 05:17:10  INFO [org.zerock.m2.dao.JdbcTemplate] makeConnection
2021-08-12 05:17:10  INFO [org.zerock.m2.dao.MsgDAO] count: 1
2021-08-12 05:17:10  INFO [org.zerock.m2.dao.JdbcTemplate] END
2021-08-12 05:17:10  INFO [org.zerock.m2.dao.JdbcTemplate] ------------finish--------------
2021-08-12 05:17:10  INFO [org.zerock.m2.dao.JdbcTemplate] Template ResultSet: null
2021-08-12 05:17:10  INFO [org.zerock.m2.dao.JdbcTemplate] Template PreparedStatement: com.mysql.cj.jdbc.ClientPreparedStatement: insert into tbl_msg (who,whom,content) values ('user4','user0','Sample ..27')
2021-08-12 05:17:10  INFO [org.zerock.m2.dao.JdbcTemplate] com.mysql.cj.jdbc.ConnectionImpl@6fee8d4e
2021-08-12 05:17:10  INFO [org.zerock.m2.dao.JdbcTemplate] makeConnection
2021-08-12 05:17:11  INFO [org.zerock.m2.dao.MsgDAO] count: 1
2021-08-12 05:17:11  INFO [org.zerock.m2.dao.JdbcTemplate] END
2021-08-12 05:17:11  INFO [org.zerock.m2.dao.JdbcTemplate] ------------finish--------------
2021-08-12 05:17:11  INFO [org.zerock.m2.dao.JdbcTemplate] Template ResultSet: null
2021-08-12 05:17:11  INFO [org.zerock.m2.dao.JdbcTemplate] Template PreparedStatement: com.mysql.cj.jdbc.ClientPreparedStatement: insert into tbl_msg (who,whom,content) values ('user0','user9','Sample ..28')
2021-08-12 05:17:11  INFO [org.zerock.m2.dao.JdbcTemplate] com.mysql.cj.jdbc.ConnectionImpl@4cb251c1
2021-08-12 05:17:11  INFO [org.zerock.m2.dao.JdbcTemplate] makeConnection
2021-08-12 05:17:11  INFO [org.zerock.m2.dao.MsgDAO] count: 1
2021-08-12 05:17:11  INFO [org.zerock.m2.dao.JdbcTemplate] END
2021-08-12 05:17:11  INFO [org.zerock.m2.dao.JdbcTemplate] ------------finish--------------
2021-08-12 05:17:11  INFO [org.zerock.m2.dao.JdbcTemplate] Template ResultSet: null
2021-08-12 05:17:11  INFO [org.zerock.m2.dao.JdbcTemplate] Template PreparedStatement: com.mysql.cj.jdbc.ClientPreparedStatement: insert into tbl_msg (who,whom,content) values ('user1','user3','Sample ..29')
2021-08-12 05:17:11  INFO [org.zerock.m2.dao.JdbcTemplate] com.mysql.cj.jdbc.ConnectionImpl@25effd2f
2021-08-12 05:17:11  INFO [org.zerock.m2.dao.JdbcTemplate] makeConnection
2021-08-12 05:17:11  INFO [org.zerock.m2.dao.MsgDAO] count: 1
2021-08-12 05:17:11  INFO [org.zerock.m2.dao.JdbcTemplate] END
2021-08-12 05:17:11  INFO [org.zerock.m2.dao.JdbcTemplate] ------------finish--------------
2021-08-12 05:17:11  INFO [org.zerock.m2.dao.JdbcTemplate] Template ResultSet: null
2021-08-12 05:17:11  INFO [org.zerock.m2.dao.JdbcTemplate] Template PreparedStatement: com.mysql.cj.jdbc.ClientPreparedStatement: insert into tbl_msg (who,whom,content) values ('user5','user1','Sample ..30')
2021-08-12 05:17:11  INFO [org.zerock.m2.dao.JdbcTemplate] com.mysql.cj.jdbc.ConnectionImpl@b88aaf3
2021-08-12 05:17:11  INFO [org.zerock.m2.dao.JdbcTemplate] makeConnection
2021-08-12 05:17:11  INFO [org.zerock.m2.dao.MsgDAO] count: 1
2021-08-12 05:17:11  INFO [org.zerock.m2.dao.JdbcTemplate] END
2021-08-12 05:17:11  INFO [org.zerock.m2.dao.JdbcTemplate] ------------finish--------------
2021-08-12 05:17:11  INFO [org.zerock.m2.dao.JdbcTemplate] Template ResultSet: null
2021-08-12 05:17:11  INFO [org.zerock.m2.dao.JdbcTemplate] Template PreparedStatement: com.mysql.cj.jdbc.ClientPreparedStatement: insert into tbl_msg (who,whom,content) values ('user1','user7','Sample ..31')
2021-08-12 05:17:11  INFO [org.zerock.m2.dao.JdbcTemplate] com.mysql.cj.jdbc.ConnectionImpl@a774edf
2021-08-12 05:17:11  INFO [org.zerock.m2.dao.JdbcTemplate] makeConnection
2021-08-12 05:17:11  INFO [org.zerock.m2.dao.MsgDAO] count: 1
2021-08-12 05:17:11  INFO [org.zerock.m2.dao.JdbcTemplate] END
2021-08-12 05:17:11  INFO [org.zerock.m2.dao.JdbcTemplate] ------------finish--------------
2021-08-12 05:17:11  INFO [org.zerock.m2.dao.JdbcTemplate] Template ResultSet: null
2021-08-12 05:17:11  INFO [org.zerock.m2.dao.JdbcTemplate] Template PreparedStatement: com.mysql.cj.jdbc.ClientPreparedStatement: insert into tbl_msg (who,whom,content) values ('user1','user7','Sample ..32')
2021-08-12 05:17:11  INFO [org.zerock.m2.dao.JdbcTemplate] com.mysql.cj.jdbc.ConnectionImpl@601d2eb
2021-08-12 05:17:11  INFO [org.zerock.m2.dao.JdbcTemplate] makeConnection
2021-08-12 05:17:11  INFO [org.zerock.m2.dao.MsgDAO] count: 1
2021-08-12 05:17:11  INFO [org.zerock.m2.dao.JdbcTemplate] END
2021-08-12 05:17:11  INFO [org.zerock.m2.dao.JdbcTemplate] ------------finish--------------
2021-08-12 05:17:11  INFO [org.zerock.m2.dao.JdbcTemplate] Template ResultSet: null
2021-08-12 05:17:11  INFO [org.zerock.m2.dao.JdbcTemplate] Template PreparedStatement: com.mysql.cj.jdbc.ClientPreparedStatement: insert into tbl_msg (who,whom,content) values ('user8','user9','Sample ..33')
2021-08-12 05:17:11  INFO [org.zerock.m2.dao.JdbcTemplate] com.mysql.cj.jdbc.ConnectionImpl@69a4a5bb
2021-08-12 05:17:11  INFO [org.zerock.m2.dao.JdbcTemplate] makeConnection
2021-08-12 05:17:11  INFO [org.zerock.m2.dao.MsgDAO] count: 1
2021-08-12 05:17:11  INFO [org.zerock.m2.dao.JdbcTemplate] END
2021-08-12 05:17:11  INFO [org.zerock.m2.dao.JdbcTemplate] ------------finish--------------
2021-08-12 05:17:11  INFO [org.zerock.m2.dao.JdbcTemplate] Template ResultSet: null
2021-08-12 05:17:11  INFO [org.zerock.m2.dao.JdbcTemplate] Template PreparedStatement: com.mysql.cj.jdbc.ClientPreparedStatement: insert into tbl_msg (who,whom,content) values ('user1','user9','Sample ..34')
2021-08-12 05:17:11  INFO [org.zerock.m2.dao.JdbcTemplate] com.mysql.cj.jdbc.ConnectionImpl@3ee5420f
2021-08-12 05:17:11  INFO [org.zerock.m2.dao.JdbcTemplate] makeConnection
2021-08-12 05:17:11  INFO [org.zerock.m2.dao.MsgDAO] count: 1
2021-08-12 05:17:11  INFO [org.zerock.m2.dao.JdbcTemplate] END
2021-08-12 05:17:11  INFO [org.zerock.m2.dao.JdbcTemplate] ------------finish--------------
2021-08-12 05:17:11  INFO [org.zerock.m2.dao.JdbcTemplate] Template ResultSet: null
2021-08-12 05:17:11  INFO [org.zerock.m2.dao.JdbcTemplate] Template PreparedStatement: com.mysql.cj.jdbc.ClientPreparedStatement: insert into tbl_msg (who,whom,content) values ('user3','user1','Sample ..35')
2021-08-12 05:17:11  INFO [org.zerock.m2.dao.JdbcTemplate] com.mysql.cj.jdbc.ConnectionImpl@3c596373
2021-08-12 05:17:11  INFO [org.zerock.m2.dao.JdbcTemplate] makeConnection
2021-08-12 05:17:11  INFO [org.zerock.m2.dao.MsgDAO] count: 1
2021-08-12 05:17:11  INFO [org.zerock.m2.dao.JdbcTemplate] END
2021-08-12 05:17:11  INFO [org.zerock.m2.dao.JdbcTemplate] ------------finish--------------
2021-08-12 05:17:11  INFO [org.zerock.m2.dao.JdbcTemplate] Template ResultSet: null
2021-08-12 05:17:11  INFO [org.zerock.m2.dao.JdbcTemplate] Template PreparedStatement: com.mysql.cj.jdbc.ClientPreparedStatement: insert into tbl_msg (who,whom,content) values ('user0','user4','Sample ..36')
2021-08-12 05:17:11  INFO [org.zerock.m2.dao.JdbcTemplate] com.mysql.cj.jdbc.ConnectionImpl@56d4007f
2021-08-12 05:17:11  INFO [org.zerock.m2.dao.JdbcTemplate] makeConnection
2021-08-12 05:17:11  INFO [org.zerock.m2.dao.MsgDAO] count: 1
2021-08-12 05:17:11  INFO [org.zerock.m2.dao.JdbcTemplate] END
2021-08-12 05:17:11  INFO [org.zerock.m2.dao.JdbcTemplate] ------------finish--------------
2021-08-12 05:17:11  INFO [org.zerock.m2.dao.JdbcTemplate] Template ResultSet: null
2021-08-12 05:17:11  INFO [org.zerock.m2.dao.JdbcTemplate] Template PreparedStatement: com.mysql.cj.jdbc.ClientPreparedStatement: insert into tbl_msg (who,whom,content) values ('user3','user2','Sample ..37')
2021-08-12 05:17:11  INFO [org.zerock.m2.dao.JdbcTemplate] com.mysql.cj.jdbc.ConnectionImpl@2f102d7b
2021-08-12 05:17:11  INFO [org.zerock.m2.dao.JdbcTemplate] makeConnection
2021-08-12 05:17:11  INFO [org.zerock.m2.dao.MsgDAO] count: 1
2021-08-12 05:17:11  INFO [org.zerock.m2.dao.JdbcTemplate] END
2021-08-12 05:17:11  INFO [org.zerock.m2.dao.JdbcTemplate] ------------finish--------------
2021-08-12 05:17:11  INFO [org.zerock.m2.dao.JdbcTemplate] Template ResultSet: null
2021-08-12 05:17:11  INFO [org.zerock.m2.dao.JdbcTemplate] Template PreparedStatement: com.mysql.cj.jdbc.ClientPreparedStatement: insert into tbl_msg (who,whom,content) values ('user7','user1','Sample ..38')
2021-08-12 05:17:11  INFO [org.zerock.m2.dao.JdbcTemplate] com.mysql.cj.jdbc.ConnectionImpl@6d073187
2021-08-12 05:17:11  INFO [org.zerock.m2.dao.JdbcTemplate] makeConnection
2021-08-12 05:17:11  INFO [org.zerock.m2.dao.MsgDAO] count: 1
2021-08-12 05:17:11  INFO [org.zerock.m2.dao.JdbcTemplate] END
2021-08-12 05:17:11  INFO [org.zerock.m2.dao.JdbcTemplate] ------------finish--------------
2021-08-12 05:17:11  INFO [org.zerock.m2.dao.JdbcTemplate] Template ResultSet: null
2021-08-12 05:17:11  INFO [org.zerock.m2.dao.JdbcTemplate] Template PreparedStatement: com.mysql.cj.jdbc.ClientPreparedStatement: insert into tbl_msg (who,whom,content) values ('user0','user9','Sample ..39')
2021-08-12 05:17:11  INFO [org.zerock.m2.dao.JdbcTemplate] com.mysql.cj.jdbc.ConnectionImpl@4ac9126a
2021-08-12 05:17:11  INFO [org.zerock.m2.dao.JdbcTemplate] makeConnection
2021-08-12 05:17:11  INFO [org.zerock.m2.dao.MsgDAO] count: 1
2021-08-12 05:17:11  INFO [org.zerock.m2.dao.JdbcTemplate] END
2021-08-12 05:17:11  INFO [org.zerock.m2.dao.JdbcTemplate] ------------finish--------------
2021-08-12 05:17:11  INFO [org.zerock.m2.dao.JdbcTemplate] Template ResultSet: null
2021-08-12 05:17:11  INFO [org.zerock.m2.dao.JdbcTemplate] Template PreparedStatement: com.mysql.cj.jdbc.ClientPreparedStatement: insert into tbl_msg (who,whom,content) values ('user2','user5','Sample ..40')
2021-08-12 05:17:11  INFO [org.zerock.m2.dao.JdbcTemplate] com.mysql.cj.jdbc.ConnectionImpl@c689102
2021-08-12 05:17:11  INFO [org.zerock.m2.dao.JdbcTemplate] makeConnection
2021-08-12 05:17:11  INFO [org.zerock.m2.dao.MsgDAO] count: 1
2021-08-12 05:17:11  INFO [org.zerock.m2.dao.JdbcTemplate] END
2021-08-12 05:17:11  INFO [org.zerock.m2.dao.JdbcTemplate] ------------finish--------------
2021-08-12 05:17:11  INFO [org.zerock.m2.dao.JdbcTemplate] Template ResultSet: null
2021-08-12 05:17:11  INFO [org.zerock.m2.dao.JdbcTemplate] Template PreparedStatement: com.mysql.cj.jdbc.ClientPreparedStatement: insert into tbl_msg (who,whom,content) values ('user4','user9','Sample ..41')
2021-08-12 05:17:11  INFO [org.zerock.m2.dao.JdbcTemplate] com.mysql.cj.jdbc.ConnectionImpl@518a5ede
2021-08-12 05:17:11  INFO [org.zerock.m2.dao.JdbcTemplate] makeConnection
2021-08-12 05:17:11  INFO [org.zerock.m2.dao.MsgDAO] count: 1
2021-08-12 05:17:11  INFO [org.zerock.m2.dao.JdbcTemplate] END
2021-08-12 05:17:11  INFO [org.zerock.m2.dao.JdbcTemplate] ------------finish--------------
2021-08-12 05:17:11  INFO [org.zerock.m2.dao.JdbcTemplate] Template ResultSet: null
2021-08-12 05:17:11  INFO [org.zerock.m2.dao.JdbcTemplate] Template PreparedStatement: com.mysql.cj.jdbc.ClientPreparedStatement: insert into tbl_msg (who,whom,content) values ('user7','user4','Sample ..42')
2021-08-12 05:17:11  INFO [org.zerock.m2.dao.JdbcTemplate] com.mysql.cj.jdbc.ConnectionImpl@3e2cf6c2
2021-08-12 05:17:11  INFO [org.zerock.m2.dao.JdbcTemplate] makeConnection
2021-08-12 05:17:11  INFO [org.zerock.m2.dao.MsgDAO] count: 1
2021-08-12 05:17:11  INFO [org.zerock.m2.dao.JdbcTemplate] END
2021-08-12 05:17:11  INFO [org.zerock.m2.dao.JdbcTemplate] ------------finish--------------
2021-08-12 05:17:11  INFO [org.zerock.m2.dao.JdbcTemplate] Template ResultSet: null
2021-08-12 05:17:11  INFO [org.zerock.m2.dao.JdbcTemplate] Template PreparedStatement: com.mysql.cj.jdbc.ClientPreparedStatement: insert into tbl_msg (who,whom,content) values ('user2','user7','Sample ..43')
2021-08-12 05:17:11  INFO [org.zerock.m2.dao.JdbcTemplate] com.mysql.cj.jdbc.ConnectionImpl@4d6da29a
2021-08-12 05:17:11  INFO [org.zerock.m2.dao.JdbcTemplate] makeConnection
2021-08-12 05:17:11  INFO [org.zerock.m2.dao.MsgDAO] count: 1
2021-08-12 05:17:11  INFO [org.zerock.m2.dao.JdbcTemplate] END
2021-08-12 05:17:11  INFO [org.zerock.m2.dao.JdbcTemplate] ------------finish--------------
2021-08-12 05:17:11  INFO [org.zerock.m2.dao.JdbcTemplate] Template ResultSet: null
2021-08-12 05:17:11  INFO [org.zerock.m2.dao.JdbcTemplate] Template PreparedStatement: com.mysql.cj.jdbc.ClientPreparedStatement: insert into tbl_msg (who,whom,content) values ('user2','user7','Sample ..44')
2021-08-12 05:17:11  INFO [org.zerock.m2.dao.JdbcTemplate] com.mysql.cj.jdbc.ConnectionImpl@1671ddce
2021-08-12 05:17:11  INFO [org.zerock.m2.dao.JdbcTemplate] makeConnection
2021-08-12 05:17:11  INFO [org.zerock.m2.dao.MsgDAO] count: 1
2021-08-12 05:17:11  INFO [org.zerock.m2.dao.JdbcTemplate] END
2021-08-12 05:17:11  INFO [org.zerock.m2.dao.JdbcTemplate] ------------finish--------------
2021-08-12 05:17:11  INFO [org.zerock.m2.dao.JdbcTemplate] Template ResultSet: null
2021-08-12 05:17:11  INFO [org.zerock.m2.dao.JdbcTemplate] Template PreparedStatement: com.mysql.cj.jdbc.ClientPreparedStatement: insert into tbl_msg (who,whom,content) values ('user0','user3','Sample ..45')
2021-08-12 05:17:11  INFO [org.zerock.m2.dao.JdbcTemplate] com.mysql.cj.jdbc.ConnectionImpl@748d26d6
2021-08-12 05:17:11  INFO [org.zerock.m2.dao.JdbcTemplate] makeConnection
2021-08-12 05:17:11  INFO [org.zerock.m2.dao.MsgDAO] count: 1
2021-08-12 05:17:11  INFO [org.zerock.m2.dao.JdbcTemplate] END
2021-08-12 05:17:11  INFO [org.zerock.m2.dao.JdbcTemplate] ------------finish--------------
2021-08-12 05:17:11  INFO [org.zerock.m2.dao.JdbcTemplate] Template ResultSet: null
2021-08-12 05:17:11  INFO [org.zerock.m2.dao.JdbcTemplate] Template PreparedStatement: com.mysql.cj.jdbc.ClientPreparedStatement: insert into tbl_msg (who,whom,content) values ('user8','user2','Sample ..46')
2021-08-12 05:17:11  INFO [org.zerock.m2.dao.JdbcTemplate] com.mysql.cj.jdbc.ConnectionImpl@2cc28b25
2021-08-12 05:17:11  INFO [org.zerock.m2.dao.JdbcTemplate] makeConnection
2021-08-12 05:17:11  INFO [org.zerock.m2.dao.MsgDAO] count: 1
2021-08-12 05:17:11  INFO [org.zerock.m2.dao.JdbcTemplate] END
2021-08-12 05:17:11  INFO [org.zerock.m2.dao.JdbcTemplate] ------------finish--------------
2021-08-12 05:17:11  INFO [org.zerock.m2.dao.JdbcTemplate] Template ResultSet: null
2021-08-12 05:17:11  INFO [org.zerock.m2.dao.JdbcTemplate] Template PreparedStatement: com.mysql.cj.jdbc.ClientPreparedStatement: insert into tbl_msg (who,whom,content) values ('user2','user4','Sample ..47')
2021-08-12 05:17:11  INFO [org.zerock.m2.dao.JdbcTemplate] com.mysql.cj.jdbc.ConnectionImpl@392482f2
2021-08-12 05:17:11  INFO [org.zerock.m2.dao.JdbcTemplate] makeConnection
2021-08-12 05:17:12  INFO [org.zerock.m2.dao.MsgDAO] count: 1
2021-08-12 05:17:12  INFO [org.zerock.m2.dao.JdbcTemplate] END
2021-08-12 05:17:12  INFO [org.zerock.m2.dao.JdbcTemplate] ------------finish--------------
2021-08-12 05:17:12  INFO [org.zerock.m2.dao.JdbcTemplate] Template ResultSet: null
2021-08-12 05:17:12  INFO [org.zerock.m2.dao.JdbcTemplate] Template PreparedStatement: com.mysql.cj.jdbc.ClientPreparedStatement: insert into tbl_msg (who,whom,content) values ('user9','user3','Sample ..48')
2021-08-12 05:17:12  INFO [org.zerock.m2.dao.JdbcTemplate] com.mysql.cj.jdbc.ConnectionImpl@6de8618
2021-08-12 05:17:12  INFO [org.zerock.m2.dao.JdbcTemplate] makeConnection
2021-08-12 05:17:12  INFO [org.zerock.m2.dao.MsgDAO] count: 1
2021-08-12 05:17:12  INFO [org.zerock.m2.dao.JdbcTemplate] END
2021-08-12 05:17:12  INFO [org.zerock.m2.dao.JdbcTemplate] ------------finish--------------
2021-08-12 05:17:12  INFO [org.zerock.m2.dao.JdbcTemplate] Template ResultSet: null
2021-08-12 05:17:12  INFO [org.zerock.m2.dao.JdbcTemplate] Template PreparedStatement: com.mysql.cj.jdbc.ClientPreparedStatement: insert into tbl_msg (who,whom,content) values ('user1','user2','Sample ..49')
2021-08-12 05:17:12  INFO [org.zerock.m2.dao.JdbcTemplate] com.mysql.cj.jdbc.ConnectionImpl@72f2dbaf
2021-08-12 05:17:12  INFO [org.zerock.m2.dao.JdbcTemplate] makeConnection
2021-08-12 05:17:12  INFO [org.zerock.m2.dao.MsgDAO] count: 1
2021-08-12 05:17:12  INFO [org.zerock.m2.dao.JdbcTemplate] END
2021-08-12 05:17:12  INFO [org.zerock.m2.dao.JdbcTemplate] ------------finish--------------
2021-08-12 05:17:12  INFO [org.zerock.m2.dao.JdbcTemplate] Template ResultSet: null
2021-08-12 05:17:12  INFO [org.zerock.m2.dao.JdbcTemplate] Template PreparedStatement: com.mysql.cj.jdbc.ClientPreparedStatement: insert into tbl_msg (who,whom,content) values ('user4','user7','Sample ..50')
2021-08-12 05:17:12  INFO [org.zerock.m2.dao.JdbcTemplate] com.mysql.cj.jdbc.ConnectionImpl@3691ecad
2021-08-12 05:17:12  INFO [org.zerock.m2.dao.JdbcTemplate] makeConnection
2021-08-12 05:17:12  INFO [org.zerock.m2.dao.MsgDAO] count: 1
2021-08-12 05:17:12  INFO [org.zerock.m2.dao.JdbcTemplate] END
2021-08-12 05:17:12  INFO [org.zerock.m2.dao.JdbcTemplate] ------------finish--------------
2021-08-12 05:17:12  INFO [org.zerock.m2.dao.JdbcTemplate] Template ResultSet: null
2021-08-12 05:17:12  INFO [org.zerock.m2.dao.JdbcTemplate] Template PreparedStatement: com.mysql.cj.jdbc.ClientPreparedStatement: insert into tbl_msg (who,whom,content) values ('user3','user7','Sample ..51')
2021-08-12 05:17:12  INFO [org.zerock.m2.dao.JdbcTemplate] com.mysql.cj.jdbc.ConnectionImpl@7398f562
2021-08-12 05:17:12  INFO [org.zerock.m2.dao.JdbcTemplate] makeConnection
2021-08-12 05:17:12  INFO [org.zerock.m2.dao.MsgDAO] count: 1
2021-08-12 05:17:12  INFO [org.zerock.m2.dao.JdbcTemplate] END
2021-08-12 05:17:12  INFO [org.zerock.m2.dao.JdbcTemplate] ------------finish--------------
2021-08-12 05:17:12  INFO [org.zerock.m2.dao.JdbcTemplate] Template ResultSet: null
2021-08-12 05:17:12  INFO [org.zerock.m2.dao.JdbcTemplate] Template PreparedStatement: com.mysql.cj.jdbc.ClientPreparedStatement: insert into tbl_msg (who,whom,content) values ('user5','user4','Sample ..52')
2021-08-12 05:17:12  INFO [org.zerock.m2.dao.JdbcTemplate] com.mysql.cj.jdbc.ConnectionImpl@3d359870
2021-08-12 05:17:12  INFO [org.zerock.m2.dao.JdbcTemplate] makeConnection
2021-08-12 05:17:12  INFO [org.zerock.m2.dao.MsgDAO] count: 1
2021-08-12 05:17:12  INFO [org.zerock.m2.dao.JdbcTemplate] END
2021-08-12 05:17:12  INFO [org.zerock.m2.dao.JdbcTemplate] ------------finish--------------
2021-08-12 05:17:12  INFO [org.zerock.m2.dao.JdbcTemplate] Template ResultSet: null
2021-08-12 05:17:12  INFO [org.zerock.m2.dao.JdbcTemplate] Template PreparedStatement: com.mysql.cj.jdbc.ClientPreparedStatement: insert into tbl_msg (who,whom,content) values ('user6','user1','Sample ..53')
2021-08-12 05:17:12  INFO [org.zerock.m2.dao.JdbcTemplate] com.mysql.cj.jdbc.ConnectionImpl@486d7dfd
2021-08-12 05:17:12  INFO [org.zerock.m2.dao.JdbcTemplate] makeConnection
2021-08-12 05:17:12  INFO [org.zerock.m2.dao.MsgDAO] count: 1
2021-08-12 05:17:12  INFO [org.zerock.m2.dao.JdbcTemplate] END
2021-08-12 05:17:12  INFO [org.zerock.m2.dao.JdbcTemplate] ------------finish--------------
2021-08-12 05:17:12  INFO [org.zerock.m2.dao.JdbcTemplate] Template ResultSet: null
2021-08-12 05:17:12  INFO [org.zerock.m2.dao.JdbcTemplate] Template PreparedStatement: com.mysql.cj.jdbc.ClientPreparedStatement: insert into tbl_msg (who,whom,content) values ('user2','user1','Sample ..54')
2021-08-12 05:17:12  INFO [org.zerock.m2.dao.JdbcTemplate] com.mysql.cj.jdbc.ConnectionImpl@69623f5f
2021-08-12 05:17:12  INFO [org.zerock.m2.dao.JdbcTemplate] makeConnection
2021-08-12 05:17:12  INFO [org.zerock.m2.dao.MsgDAO] count: 1
2021-08-12 05:17:12  INFO [org.zerock.m2.dao.JdbcTemplate] END
2021-08-12 05:17:12  INFO [org.zerock.m2.dao.JdbcTemplate] ------------finish--------------
2021-08-12 05:17:12  INFO [org.zerock.m2.dao.JdbcTemplate] Template ResultSet: null
2021-08-12 05:17:12  INFO [org.zerock.m2.dao.JdbcTemplate] Template PreparedStatement: com.mysql.cj.jdbc.ClientPreparedStatement: insert into tbl_msg (who,whom,content) values ('user4','user7','Sample ..55')
2021-08-12 05:17:12  INFO [org.zerock.m2.dao.JdbcTemplate] com.mysql.cj.jdbc.ConnectionImpl@4cb3683a
2021-08-12 05:17:12  INFO [org.zerock.m2.dao.JdbcTemplate] makeConnection
2021-08-12 05:17:12  INFO [org.zerock.m2.dao.MsgDAO] count: 1
2021-08-12 05:17:12  INFO [org.zerock.m2.dao.JdbcTemplate] END
2021-08-12 05:17:12  INFO [org.zerock.m2.dao.JdbcTemplate] ------------finish--------------
2021-08-12 05:17:12  INFO [org.zerock.m2.dao.JdbcTemplate] Template ResultSet: null
2021-08-12 05:17:12  INFO [org.zerock.m2.dao.JdbcTemplate] Template PreparedStatement: com.mysql.cj.jdbc.ClientPreparedStatement: insert into tbl_msg (who,whom,content) values ('user7','user0','Sample ..56')
2021-08-12 05:17:12  INFO [org.zerock.m2.dao.JdbcTemplate] com.mysql.cj.jdbc.ConnectionImpl@21f9c604
2021-08-12 05:17:12  INFO [org.zerock.m2.dao.JdbcTemplate] makeConnection
2021-08-12 05:17:12  INFO [org.zerock.m2.dao.MsgDAO] count: 1
2021-08-12 05:17:12  INFO [org.zerock.m2.dao.JdbcTemplate] END
2021-08-12 05:17:12  INFO [org.zerock.m2.dao.JdbcTemplate] ------------finish--------------
2021-08-12 05:17:12  INFO [org.zerock.m2.dao.JdbcTemplate] Template ResultSet: null
2021-08-12 05:17:12  INFO [org.zerock.m2.dao.JdbcTemplate] Template PreparedStatement: com.mysql.cj.jdbc.ClientPreparedStatement: insert into tbl_msg (who,whom,content) values ('user6','user3','Sample ..57')
2021-08-12 05:17:12  INFO [org.zerock.m2.dao.JdbcTemplate] com.mysql.cj.jdbc.ConnectionImpl@61f04684
2021-08-12 05:17:12  INFO [org.zerock.m2.dao.JdbcTemplate] makeConnection
2021-08-12 05:17:12  INFO [org.zerock.m2.dao.MsgDAO] count: 1
2021-08-12 05:17:12  INFO [org.zerock.m2.dao.JdbcTemplate] END
2021-08-12 05:17:12  INFO [org.zerock.m2.dao.JdbcTemplate] ------------finish--------------
2021-08-12 05:17:12  INFO [org.zerock.m2.dao.JdbcTemplate] Template ResultSet: null
2021-08-12 05:17:12  INFO [org.zerock.m2.dao.JdbcTemplate] Template PreparedStatement: com.mysql.cj.jdbc.ClientPreparedStatement: insert into tbl_msg (who,whom,content) values ('user0','user3','Sample ..58')
2021-08-12 05:17:12  INFO [org.zerock.m2.dao.JdbcTemplate] com.mysql.cj.jdbc.ConnectionImpl@5a1e51c2
2021-08-12 05:17:12  INFO [org.zerock.m2.dao.JdbcTemplate] makeConnection
2021-08-12 05:17:13  INFO [org.zerock.m2.dao.MsgDAO] count: 1
2021-08-12 05:17:13  INFO [org.zerock.m2.dao.JdbcTemplate] END
2021-08-12 05:17:13  INFO [org.zerock.m2.dao.JdbcTemplate] ------------finish--------------
2021-08-12 05:17:13  INFO [org.zerock.m2.dao.JdbcTemplate] Template ResultSet: null
2021-08-12 05:17:13  INFO [org.zerock.m2.dao.JdbcTemplate] Template PreparedStatement: com.mysql.cj.jdbc.ClientPreparedStatement: insert into tbl_msg (who,whom,content) values ('user4','user4','Sample ..59')
2021-08-12 05:17:13  INFO [org.zerock.m2.dao.JdbcTemplate] com.mysql.cj.jdbc.ConnectionImpl@713b65a8
2021-08-12 05:17:13  INFO [org.zerock.m2.dao.JdbcTemplate] makeConnection
2021-08-12 05:17:13  INFO [org.zerock.m2.dao.MsgDAO] count: 1
2021-08-12 05:17:13  INFO [org.zerock.m2.dao.JdbcTemplate] END
2021-08-12 05:17:13  INFO [org.zerock.m2.dao.JdbcTemplate] ------------finish--------------
2021-08-12 05:17:13  INFO [org.zerock.m2.dao.JdbcTemplate] Template ResultSet: null
2021-08-12 05:17:13  INFO [org.zerock.m2.dao.JdbcTemplate] Template PreparedStatement: com.mysql.cj.jdbc.ClientPreparedStatement: insert into tbl_msg (who,whom,content) values ('user2','user4','Sample ..60')
2021-08-12 05:17:13  INFO [org.zerock.m2.dao.JdbcTemplate] com.mysql.cj.jdbc.ConnectionImpl@6a078d09
2021-08-12 05:17:13  INFO [org.zerock.m2.dao.JdbcTemplate] makeConnection
2021-08-12 05:17:13  INFO [org.zerock.m2.dao.MsgDAO] count: 1
2021-08-12 05:17:13  INFO [org.zerock.m2.dao.JdbcTemplate] END
2021-08-12 05:17:13  INFO [org.zerock.m2.dao.JdbcTemplate] ------------finish--------------
2021-08-12 05:17:13  INFO [org.zerock.m2.dao.JdbcTemplate] Template ResultSet: null
2021-08-12 05:17:13  INFO [org.zerock.m2.dao.JdbcTemplate] Template PreparedStatement: com.mysql.cj.jdbc.ClientPreparedStatement: insert into tbl_msg (who,whom,content) values ('user9','user5','Sample ..61')
2021-08-12 05:17:13  INFO [org.zerock.m2.dao.JdbcTemplate] com.mysql.cj.jdbc.ConnectionImpl@52a8236c
2021-08-12 05:17:13  INFO [org.zerock.m2.dao.JdbcTemplate] makeConnection
2021-08-12 05:17:13  INFO [org.zerock.m2.dao.MsgDAO] count: 1
2021-08-12 05:17:13  INFO [org.zerock.m2.dao.JdbcTemplate] END
2021-08-12 05:17:13  INFO [org.zerock.m2.dao.JdbcTemplate] ------------finish--------------
2021-08-12 05:17:13  INFO [org.zerock.m2.dao.JdbcTemplate] Template ResultSet: null
2021-08-12 05:17:13  INFO [org.zerock.m2.dao.JdbcTemplate] Template PreparedStatement: com.mysql.cj.jdbc.ClientPreparedStatement: insert into tbl_msg (who,whom,content) values ('user2','user0','Sample ..62')
2021-08-12 05:17:13  INFO [org.zerock.m2.dao.JdbcTemplate] com.mysql.cj.jdbc.ConnectionImpl@7874008a
2021-08-12 05:17:13  INFO [org.zerock.m2.dao.JdbcTemplate] makeConnection
2021-08-12 05:17:13  INFO [org.zerock.m2.dao.MsgDAO] count: 1
2021-08-12 05:17:13  INFO [org.zerock.m2.dao.JdbcTemplate] END
2021-08-12 05:17:13  INFO [org.zerock.m2.dao.JdbcTemplate] ------------finish--------------
2021-08-12 05:17:13  INFO [org.zerock.m2.dao.JdbcTemplate] Template ResultSet: null
2021-08-12 05:17:13  INFO [org.zerock.m2.dao.JdbcTemplate] Template PreparedStatement: com.mysql.cj.jdbc.ClientPreparedStatement: insert into tbl_msg (who,whom,content) values ('user8','user7','Sample ..63')
2021-08-12 05:17:13  INFO [org.zerock.m2.dao.JdbcTemplate] com.mysql.cj.jdbc.ConnectionImpl@3706ee60
2021-08-12 05:17:13  INFO [org.zerock.m2.dao.JdbcTemplate] makeConnection
2021-08-12 05:17:13  INFO [org.zerock.m2.dao.MsgDAO] count: 1
2021-08-12 05:17:13  INFO [org.zerock.m2.dao.JdbcTemplate] END
2021-08-12 05:17:13  INFO [org.zerock.m2.dao.JdbcTemplate] ------------finish--------------
2021-08-12 05:17:13  INFO [org.zerock.m2.dao.JdbcTemplate] Template ResultSet: null
2021-08-12 05:17:13  INFO [org.zerock.m2.dao.JdbcTemplate] Template PreparedStatement: com.mysql.cj.jdbc.ClientPreparedStatement: insert into tbl_msg (who,whom,content) values ('user0','user6','Sample ..64')
2021-08-12 05:17:13  INFO [org.zerock.m2.dao.JdbcTemplate] com.mysql.cj.jdbc.ConnectionImpl@56d40a7a
2021-08-12 05:17:13  INFO [org.zerock.m2.dao.JdbcTemplate] makeConnection
2021-08-12 05:17:13  INFO [org.zerock.m2.dao.MsgDAO] count: 1
2021-08-12 05:17:13  INFO [org.zerock.m2.dao.JdbcTemplate] END
2021-08-12 05:17:13  INFO [org.zerock.m2.dao.JdbcTemplate] ------------finish--------------
2021-08-12 05:17:13  INFO [org.zerock.m2.dao.JdbcTemplate] Template ResultSet: null
2021-08-12 05:17:13  INFO [org.zerock.m2.dao.JdbcTemplate] Template PreparedStatement: com.mysql.cj.jdbc.ClientPreparedStatement: insert into tbl_msg (who,whom,content) values ('user5','user3','Sample ..65')
2021-08-12 05:17:13  INFO [org.zerock.m2.dao.JdbcTemplate] com.mysql.cj.jdbc.ConnectionImpl@363bb9a2
2021-08-12 05:17:13  INFO [org.zerock.m2.dao.JdbcTemplate] makeConnection
2021-08-12 05:17:13  INFO [org.zerock.m2.dao.MsgDAO] count: 1
2021-08-12 05:17:13  INFO [org.zerock.m2.dao.JdbcTemplate] END
2021-08-12 05:17:13  INFO [org.zerock.m2.dao.JdbcTemplate] ------------finish--------------
2021-08-12 05:17:13  INFO [org.zerock.m2.dao.JdbcTemplate] Template ResultSet: null
2021-08-12 05:17:13  INFO [org.zerock.m2.dao.JdbcTemplate] Template PreparedStatement: com.mysql.cj.jdbc.ClientPreparedStatement: insert into tbl_msg (who,whom,content) values ('user3','user2','Sample ..66')
2021-08-12 05:17:13  INFO [org.zerock.m2.dao.JdbcTemplate] com.mysql.cj.jdbc.ConnectionImpl@7279b6d9
2021-08-12 05:17:13  INFO [org.zerock.m2.dao.JdbcTemplate] makeConnection
2021-08-12 05:17:13  INFO [org.zerock.m2.dao.MsgDAO] count: 1
2021-08-12 05:17:13  INFO [org.zerock.m2.dao.JdbcTemplate] END
2021-08-12 05:17:13  INFO [org.zerock.m2.dao.JdbcTemplate] ------------finish--------------
2021-08-12 05:17:13  INFO [org.zerock.m2.dao.JdbcTemplate] Template ResultSet: null
2021-08-12 05:17:13  INFO [org.zerock.m2.dao.JdbcTemplate] Template PreparedStatement: com.mysql.cj.jdbc.ClientPreparedStatement: insert into tbl_msg (who,whom,content) values ('user4','user4','Sample ..67')
2021-08-12 05:17:13  INFO [org.zerock.m2.dao.JdbcTemplate] com.mysql.cj.jdbc.ConnectionImpl@5756f253
2021-08-12 05:17:13  INFO [org.zerock.m2.dao.JdbcTemplate] makeConnection
2021-08-12 05:17:13  INFO [org.zerock.m2.dao.MsgDAO] count: 1
2021-08-12 05:17:13  INFO [org.zerock.m2.dao.JdbcTemplate] END
2021-08-12 05:17:13  INFO [org.zerock.m2.dao.JdbcTemplate] ------------finish--------------
2021-08-12 05:17:13  INFO [org.zerock.m2.dao.JdbcTemplate] Template ResultSet: null
2021-08-12 05:17:13  INFO [org.zerock.m2.dao.JdbcTemplate] Template PreparedStatement: com.mysql.cj.jdbc.ClientPreparedStatement: insert into tbl_msg (who,whom,content) values ('user7','user7','Sample ..68')
2021-08-12 05:17:13  INFO [org.zerock.m2.dao.JdbcTemplate] com.mysql.cj.jdbc.ConnectionImpl@278b21ec
2021-08-12 05:17:13  INFO [org.zerock.m2.dao.JdbcTemplate] makeConnection
2021-08-12 05:17:13  INFO [org.zerock.m2.dao.MsgDAO] count: 1
2021-08-12 05:17:13  INFO [org.zerock.m2.dao.JdbcTemplate] END
2021-08-12 05:17:13  INFO [org.zerock.m2.dao.JdbcTemplate] ------------finish--------------
2021-08-12 05:17:13  INFO [org.zerock.m2.dao.JdbcTemplate] Template ResultSet: null
2021-08-12 05:17:13  INFO [org.zerock.m2.dao.JdbcTemplate] Template PreparedStatement: com.mysql.cj.jdbc.ClientPreparedStatement: insert into tbl_msg (who,whom,content) values ('user7','user3','Sample ..69')
2021-08-12 05:17:13  INFO [org.zerock.m2.dao.JdbcTemplate] com.mysql.cj.jdbc.ConnectionImpl@4b91580e
2021-08-12 05:17:13  INFO [org.zerock.m2.dao.JdbcTemplate] makeConnection
2021-08-12 05:17:13  INFO [org.zerock.m2.dao.MsgDAO] count: 1
2021-08-12 05:17:13  INFO [org.zerock.m2.dao.JdbcTemplate] END
2021-08-12 05:17:13  INFO [org.zerock.m2.dao.JdbcTemplate] ------------finish--------------
2021-08-12 05:17:13  INFO [org.zerock.m2.dao.JdbcTemplate] Template ResultSet: null
2021-08-12 05:17:13  INFO [org.zerock.m2.dao.JdbcTemplate] Template PreparedStatement: com.mysql.cj.jdbc.ClientPreparedStatement: insert into tbl_msg (who,whom,content) values ('user7','user4','Sample ..70')
2021-08-12 05:17:13  INFO [org.zerock.m2.dao.JdbcTemplate] com.mysql.cj.jdbc.ConnectionImpl@49d982a5
2021-08-12 05:17:13  INFO [org.zerock.m2.dao.JdbcTemplate] makeConnection
2021-08-12 05:17:13  INFO [org.zerock.m2.dao.MsgDAO] count: 1
2021-08-12 05:17:13  INFO [org.zerock.m2.dao.JdbcTemplate] END
2021-08-12 05:17:13  INFO [org.zerock.m2.dao.JdbcTemplate] ------------finish--------------
2021-08-12 05:17:13  INFO [org.zerock.m2.dao.JdbcTemplate] Template ResultSet: null
2021-08-12 05:17:13  INFO [org.zerock.m2.dao.JdbcTemplate] Template PreparedStatement: com.mysql.cj.jdbc.ClientPreparedStatement: insert into tbl_msg (who,whom,content) values ('user0','user2','Sample ..71')
2021-08-12 05:17:13  INFO [org.zerock.m2.dao.JdbcTemplate] com.mysql.cj.jdbc.ConnectionImpl@590c20e5
2021-08-12 05:17:13  INFO [org.zerock.m2.dao.JdbcTemplate] makeConnection
2021-08-12 05:17:13  INFO [org.zerock.m2.dao.MsgDAO] count: 1
2021-08-12 05:17:13  INFO [org.zerock.m2.dao.JdbcTemplate] END
2021-08-12 05:17:13  INFO [org.zerock.m2.dao.JdbcTemplate] ------------finish--------------
2021-08-12 05:17:13  INFO [org.zerock.m2.dao.JdbcTemplate] Template ResultSet: null
2021-08-12 05:17:13  INFO [org.zerock.m2.dao.JdbcTemplate] Template PreparedStatement: com.mysql.cj.jdbc.ClientPreparedStatement: insert into tbl_msg (who,whom,content) values ('user5','user2','Sample ..72')
2021-08-12 05:17:13  INFO [org.zerock.m2.dao.JdbcTemplate] com.mysql.cj.jdbc.ConnectionImpl@172c079c
2021-08-12 05:17:13  INFO [org.zerock.m2.dao.JdbcTemplate] makeConnection
2021-08-12 05:17:13  INFO [org.zerock.m2.dao.MsgDAO] count: 1
2021-08-12 05:17:13  INFO [org.zerock.m2.dao.JdbcTemplate] END
2021-08-12 05:17:13  INFO [org.zerock.m2.dao.JdbcTemplate] ------------finish--------------
2021-08-12 05:17:13  INFO [org.zerock.m2.dao.JdbcTemplate] Template ResultSet: null
2021-08-12 05:17:13  INFO [org.zerock.m2.dao.JdbcTemplate] Template PreparedStatement: com.mysql.cj.jdbc.ClientPreparedStatement: insert into tbl_msg (who,whom,content) values ('user7','user4','Sample ..73')
2021-08-12 05:17:13  INFO [org.zerock.m2.dao.JdbcTemplate] com.mysql.cj.jdbc.ConnectionImpl@33305e38
2021-08-12 05:17:13  INFO [org.zerock.m2.dao.JdbcTemplate] makeConnection
2021-08-12 05:17:13  INFO [org.zerock.m2.dao.MsgDAO] count: 1
2021-08-12 05:17:13  INFO [org.zerock.m2.dao.JdbcTemplate] END
2021-08-12 05:17:13  INFO [org.zerock.m2.dao.JdbcTemplate] ------------finish--------------
2021-08-12 05:17:13  INFO [org.zerock.m2.dao.JdbcTemplate] Template ResultSet: null
2021-08-12 05:17:13  INFO [org.zerock.m2.dao.JdbcTemplate] Template PreparedStatement: com.mysql.cj.jdbc.ClientPreparedStatement: insert into tbl_msg (who,whom,content) values ('user0','user6','Sample ..74')
2021-08-12 05:17:13  INFO [org.zerock.m2.dao.JdbcTemplate] com.mysql.cj.jdbc.ConnectionImpl@5b4c7234
2021-08-12 05:17:13  INFO [org.zerock.m2.dao.JdbcTemplate] makeConnection
2021-08-12 05:17:13  INFO [org.zerock.m2.dao.MsgDAO] count: 1
2021-08-12 05:17:13  INFO [org.zerock.m2.dao.JdbcTemplate] END
2021-08-12 05:17:13  INFO [org.zerock.m2.dao.JdbcTemplate] ------------finish--------------
2021-08-12 05:17:13  INFO [org.zerock.m2.dao.JdbcTemplate] Template ResultSet: null
2021-08-12 05:17:13  INFO [org.zerock.m2.dao.JdbcTemplate] Template PreparedStatement: com.mysql.cj.jdbc.ClientPreparedStatement: insert into tbl_msg (who,whom,content) values ('user8','user3','Sample ..75')
2021-08-12 05:17:13  INFO [org.zerock.m2.dao.JdbcTemplate] com.mysql.cj.jdbc.ConnectionImpl@5d5a2dbc
2021-08-12 05:17:13  INFO [org.zerock.m2.dao.JdbcTemplate] makeConnection
2021-08-12 05:17:14  INFO [org.zerock.m2.dao.MsgDAO] count: 1
2021-08-12 05:17:14  INFO [org.zerock.m2.dao.JdbcTemplate] END
2021-08-12 05:17:14  INFO [org.zerock.m2.dao.JdbcTemplate] ------------finish--------------
2021-08-12 05:17:14  INFO [org.zerock.m2.dao.JdbcTemplate] Template ResultSet: null
2021-08-12 05:17:14  INFO [org.zerock.m2.dao.JdbcTemplate] Template PreparedStatement: com.mysql.cj.jdbc.ClientPreparedStatement: insert into tbl_msg (who,whom,content) values ('user3','user5','Sample ..76')
2021-08-12 05:17:14  INFO [org.zerock.m2.dao.JdbcTemplate] com.mysql.cj.jdbc.ConnectionImpl@218bc4e8
2021-08-12 05:17:14  INFO [org.zerock.m2.dao.JdbcTemplate] makeConnection
2021-08-12 05:17:14  INFO [org.zerock.m2.dao.MsgDAO] count: 1
2021-08-12 05:17:14  INFO [org.zerock.m2.dao.JdbcTemplate] END
2021-08-12 05:17:14  INFO [org.zerock.m2.dao.JdbcTemplate] ------------finish--------------
2021-08-12 05:17:14  INFO [org.zerock.m2.dao.JdbcTemplate] Template ResultSet: null
2021-08-12 05:17:14  INFO [org.zerock.m2.dao.JdbcTemplate] Template PreparedStatement: com.mysql.cj.jdbc.ClientPreparedStatement: insert into tbl_msg (who,whom,content) values ('user6','user1','Sample ..77')
2021-08-12 05:17:14  INFO [org.zerock.m2.dao.JdbcTemplate] com.mysql.cj.jdbc.ConnectionImpl@21f18dfe
2021-08-12 05:17:14  INFO [org.zerock.m2.dao.JdbcTemplate] makeConnection
2021-08-12 05:17:14  INFO [org.zerock.m2.dao.MsgDAO] count: 1
2021-08-12 05:17:14  INFO [org.zerock.m2.dao.JdbcTemplate] END
2021-08-12 05:17:14  INFO [org.zerock.m2.dao.JdbcTemplate] ------------finish--------------
2021-08-12 05:17:14  INFO [org.zerock.m2.dao.JdbcTemplate] Template ResultSet: null
2021-08-12 05:17:14  INFO [org.zerock.m2.dao.JdbcTemplate] Template PreparedStatement: com.mysql.cj.jdbc.ClientPreparedStatement: insert into tbl_msg (who,whom,content) values ('user5','user0','Sample ..78')
2021-08-12 05:17:14  INFO [org.zerock.m2.dao.JdbcTemplate] com.mysql.cj.jdbc.ConnectionImpl@20970b37
2021-08-12 05:17:14  INFO [org.zerock.m2.dao.JdbcTemplate] makeConnection
2021-08-12 05:17:14  INFO [org.zerock.m2.dao.MsgDAO] count: 1
2021-08-12 05:17:14  INFO [org.zerock.m2.dao.JdbcTemplate] END
2021-08-12 05:17:14  INFO [org.zerock.m2.dao.JdbcTemplate] ------------finish--------------
2021-08-12 05:17:14  INFO [org.zerock.m2.dao.JdbcTemplate] Template ResultSet: null
2021-08-12 05:17:14  INFO [org.zerock.m2.dao.JdbcTemplate] Template PreparedStatement: com.mysql.cj.jdbc.ClientPreparedStatement: insert into tbl_msg (who,whom,content) values ('user8','user3','Sample ..79')
2021-08-12 05:17:14  INFO [org.zerock.m2.dao.JdbcTemplate] com.mysql.cj.jdbc.ConnectionImpl@6dad28e8
2021-08-12 05:17:14  INFO [org.zerock.m2.dao.JdbcTemplate] makeConnection
2021-08-12 05:17:14  INFO [org.zerock.m2.dao.MsgDAO] count: 1
2021-08-12 05:17:14  INFO [org.zerock.m2.dao.JdbcTemplate] END
2021-08-12 05:17:14  INFO [org.zerock.m2.dao.JdbcTemplate] ------------finish--------------
2021-08-12 05:17:14  INFO [org.zerock.m2.dao.JdbcTemplate] Template ResultSet: null
2021-08-12 05:17:14  INFO [org.zerock.m2.dao.JdbcTemplate] Template PreparedStatement: com.mysql.cj.jdbc.ClientPreparedStatement: insert into tbl_msg (who,whom,content) values ('user1','user1','Sample ..80')
2021-08-12 05:17:14  INFO [org.zerock.m2.dao.JdbcTemplate] com.mysql.cj.jdbc.ConnectionImpl@1d8970fa
2021-08-12 05:17:14  INFO [org.zerock.m2.dao.JdbcTemplate] makeConnection
2021-08-12 05:17:14  INFO [org.zerock.m2.dao.MsgDAO] count: 1
2021-08-12 05:17:14  INFO [org.zerock.m2.dao.JdbcTemplate] END
2021-08-12 05:17:14  INFO [org.zerock.m2.dao.JdbcTemplate] ------------finish--------------
2021-08-12 05:17:14  INFO [org.zerock.m2.dao.JdbcTemplate] Template ResultSet: null
2021-08-12 05:17:14  INFO [org.zerock.m2.dao.JdbcTemplate] Template PreparedStatement: com.mysql.cj.jdbc.ClientPreparedStatement: insert into tbl_msg (who,whom,content) values ('user2','user7','Sample ..81')
2021-08-12 05:17:14  INFO [org.zerock.m2.dao.JdbcTemplate] com.mysql.cj.jdbc.ConnectionImpl@6f642a47
2021-08-12 05:17:14  INFO [org.zerock.m2.dao.JdbcTemplate] makeConnection
2021-08-12 05:17:14  INFO [org.zerock.m2.dao.MsgDAO] count: 1
2021-08-12 05:17:14  INFO [org.zerock.m2.dao.JdbcTemplate] END
2021-08-12 05:17:14  INFO [org.zerock.m2.dao.JdbcTemplate] ------------finish--------------
2021-08-12 05:17:14  INFO [org.zerock.m2.dao.JdbcTemplate] Template ResultSet: null
2021-08-12 05:17:14  INFO [org.zerock.m2.dao.JdbcTemplate] Template PreparedStatement: com.mysql.cj.jdbc.ClientPreparedStatement: insert into tbl_msg (who,whom,content) values ('user4','user6','Sample ..82')
2021-08-12 05:17:14  INFO [org.zerock.m2.dao.JdbcTemplate] com.mysql.cj.jdbc.ConnectionImpl@3e76acb
2021-08-12 05:17:14  INFO [org.zerock.m2.dao.JdbcTemplate] makeConnection
2021-08-12 05:17:14  INFO [org.zerock.m2.dao.MsgDAO] count: 1
2021-08-12 05:17:14  INFO [org.zerock.m2.dao.JdbcTemplate] END
2021-08-12 05:17:14  INFO [org.zerock.m2.dao.JdbcTemplate] ------------finish--------------
2021-08-12 05:17:14  INFO [org.zerock.m2.dao.JdbcTemplate] Template ResultSet: null
2021-08-12 05:17:14  INFO [org.zerock.m2.dao.JdbcTemplate] Template PreparedStatement: com.mysql.cj.jdbc.ClientPreparedStatement: insert into tbl_msg (who,whom,content) values ('user2','user4','Sample ..83')
2021-08-12 05:17:14  INFO [org.zerock.m2.dao.JdbcTemplate] com.mysql.cj.jdbc.ConnectionImpl@1136df7d
2021-08-12 05:17:14  INFO [org.zerock.m2.dao.JdbcTemplate] makeConnection
2021-08-12 05:17:14  INFO [org.zerock.m2.dao.MsgDAO] count: 1
2021-08-12 05:17:14  INFO [org.zerock.m2.dao.JdbcTemplate] END
2021-08-12 05:17:14  INFO [org.zerock.m2.dao.JdbcTemplate] ------------finish--------------
2021-08-12 05:17:14  INFO [org.zerock.m2.dao.JdbcTemplate] Template ResultSet: null
2021-08-12 05:17:14  INFO [org.zerock.m2.dao.JdbcTemplate] Template PreparedStatement: com.mysql.cj.jdbc.ClientPreparedStatement: insert into tbl_msg (who,whom,content) values ('user4','user0','Sample ..84')
2021-08-12 05:17:14  INFO [org.zerock.m2.dao.JdbcTemplate] com.mysql.cj.jdbc.ConnectionImpl@765cf79
2021-08-12 05:17:14  INFO [org.zerock.m2.dao.JdbcTemplate] makeConnection
2021-08-12 05:17:14  INFO [org.zerock.m2.dao.MsgDAO] count: 1
2021-08-12 05:17:14  INFO [org.zerock.m2.dao.JdbcTemplate] END
2021-08-12 05:17:14  INFO [org.zerock.m2.dao.JdbcTemplate] ------------finish--------------
2021-08-12 05:17:14  INFO [org.zerock.m2.dao.JdbcTemplate] Template ResultSet: null
2021-08-12 05:17:14  INFO [org.zerock.m2.dao.JdbcTemplate] Template PreparedStatement: com.mysql.cj.jdbc.ClientPreparedStatement: insert into tbl_msg (who,whom,content) values ('user2','user7','Sample ..85')
2021-08-12 05:17:14  INFO [org.zerock.m2.dao.JdbcTemplate] com.mysql.cj.jdbc.ConnectionImpl@6e02075c
2021-08-12 05:17:14  INFO [org.zerock.m2.dao.JdbcTemplate] makeConnection
2021-08-12 05:17:14  INFO [org.zerock.m2.dao.MsgDAO] count: 1
2021-08-12 05:17:14  INFO [org.zerock.m2.dao.JdbcTemplate] END
2021-08-12 05:17:14  INFO [org.zerock.m2.dao.JdbcTemplate] ------------finish--------------
2021-08-12 05:17:14  INFO [org.zerock.m2.dao.JdbcTemplate] Template ResultSet: null
2021-08-12 05:17:14  INFO [org.zerock.m2.dao.JdbcTemplate] Template PreparedStatement: com.mysql.cj.jdbc.ClientPreparedStatement: insert into tbl_msg (who,whom,content) values ('user2','user8','Sample ..86')
2021-08-12 05:17:14  INFO [org.zerock.m2.dao.JdbcTemplate] com.mysql.cj.jdbc.ConnectionImpl@5c30fe48
2021-08-12 05:17:14  INFO [org.zerock.m2.dao.JdbcTemplate] makeConnection
2021-08-12 05:17:14  INFO [org.zerock.m2.dao.MsgDAO] count: 1
2021-08-12 05:17:14  INFO [org.zerock.m2.dao.JdbcTemplate] END
2021-08-12 05:17:14  INFO [org.zerock.m2.dao.JdbcTemplate] ------------finish--------------
2021-08-12 05:17:14  INFO [org.zerock.m2.dao.JdbcTemplate] Template ResultSet: null
2021-08-12 05:17:14  INFO [org.zerock.m2.dao.JdbcTemplate] Template PreparedStatement: com.mysql.cj.jdbc.ClientPreparedStatement: insert into tbl_msg (who,whom,content) values ('user5','user9','Sample ..87')
2021-08-12 05:17:14  INFO [org.zerock.m2.dao.JdbcTemplate] com.mysql.cj.jdbc.ConnectionImpl@3833acad
2021-08-12 05:17:14  INFO [org.zerock.m2.dao.JdbcTemplate] makeConnection
2021-08-12 05:17:14  INFO [org.zerock.m2.dao.MsgDAO] count: 1
2021-08-12 05:17:14  INFO [org.zerock.m2.dao.JdbcTemplate] END
2021-08-12 05:17:14  INFO [org.zerock.m2.dao.JdbcTemplate] ------------finish--------------
2021-08-12 05:17:14  INFO [org.zerock.m2.dao.JdbcTemplate] Template ResultSet: null
2021-08-12 05:17:14  INFO [org.zerock.m2.dao.JdbcTemplate] Template PreparedStatement: com.mysql.cj.jdbc.ClientPreparedStatement: insert into tbl_msg (who,whom,content) values ('user3','user0','Sample ..88')
2021-08-12 05:17:14  INFO [org.zerock.m2.dao.JdbcTemplate] com.mysql.cj.jdbc.ConnectionImpl@254428c1
2021-08-12 05:17:14  INFO [org.zerock.m2.dao.JdbcTemplate] makeConnection
2021-08-12 05:17:15  INFO [org.zerock.m2.dao.MsgDAO] count: 1
2021-08-12 05:17:15  INFO [org.zerock.m2.dao.JdbcTemplate] END
2021-08-12 05:17:15  INFO [org.zerock.m2.dao.JdbcTemplate] ------------finish--------------
2021-08-12 05:17:15  INFO [org.zerock.m2.dao.JdbcTemplate] Template ResultSet: null
2021-08-12 05:17:15  INFO [org.zerock.m2.dao.JdbcTemplate] Template PreparedStatement: com.mysql.cj.jdbc.ClientPreparedStatement: insert into tbl_msg (who,whom,content) values ('user2','user8','Sample ..89')
2021-08-12 05:17:15  INFO [org.zerock.m2.dao.JdbcTemplate] com.mysql.cj.jdbc.ConnectionImpl@227fe98d
2021-08-12 05:17:15  INFO [org.zerock.m2.dao.JdbcTemplate] makeConnection
2021-08-12 05:17:15  INFO [org.zerock.m2.dao.MsgDAO] count: 1
2021-08-12 05:17:15  INFO [org.zerock.m2.dao.JdbcTemplate] END
2021-08-12 05:17:15  INFO [org.zerock.m2.dao.JdbcTemplate] ------------finish--------------
2021-08-12 05:17:15  INFO [org.zerock.m2.dao.JdbcTemplate] Template ResultSet: null
2021-08-12 05:17:15  INFO [org.zerock.m2.dao.JdbcTemplate] Template PreparedStatement: com.mysql.cj.jdbc.ClientPreparedStatement: insert into tbl_msg (who,whom,content) values ('user5','user3','Sample ..90')
2021-08-12 05:17:15  INFO [org.zerock.m2.dao.JdbcTemplate] com.mysql.cj.jdbc.ConnectionImpl@3e3f99f7
2021-08-12 05:17:15  INFO [org.zerock.m2.dao.JdbcTemplate] makeConnection
2021-08-12 05:17:15  INFO [org.zerock.m2.dao.MsgDAO] count: 1
2021-08-12 05:17:15  INFO [org.zerock.m2.dao.JdbcTemplate] END
2021-08-12 05:17:15  INFO [org.zerock.m2.dao.JdbcTemplate] ------------finish--------------
2021-08-12 05:17:15  INFO [org.zerock.m2.dao.JdbcTemplate] Template ResultSet: null
2021-08-12 05:17:15  INFO [org.zerock.m2.dao.JdbcTemplate] Template PreparedStatement: com.mysql.cj.jdbc.ClientPreparedStatement: insert into tbl_msg (who,whom,content) values ('user0','user3','Sample ..91')
2021-08-12 05:17:15  INFO [org.zerock.m2.dao.JdbcTemplate] com.mysql.cj.jdbc.ConnectionImpl@9aac525
2021-08-12 05:17:15  INFO [org.zerock.m2.dao.JdbcTemplate] makeConnection
2021-08-12 05:17:15  INFO [org.zerock.m2.dao.MsgDAO] count: 1
2021-08-12 05:17:15  INFO [org.zerock.m2.dao.JdbcTemplate] END
2021-08-12 05:17:15  INFO [org.zerock.m2.dao.JdbcTemplate] ------------finish--------------
2021-08-12 05:17:15  INFO [org.zerock.m2.dao.JdbcTemplate] Template ResultSet: null
2021-08-12 05:17:15  INFO [org.zerock.m2.dao.JdbcTemplate] Template PreparedStatement: com.mysql.cj.jdbc.ClientPreparedStatement: insert into tbl_msg (who,whom,content) values ('user9','user6','Sample ..92')
2021-08-12 05:17:15  INFO [org.zerock.m2.dao.JdbcTemplate] com.mysql.cj.jdbc.ConnectionImpl@61069728
2021-08-12 05:17:15  INFO [org.zerock.m2.dao.JdbcTemplate] makeConnection
2021-08-12 05:17:15  INFO [org.zerock.m2.dao.MsgDAO] count: 1
2021-08-12 05:17:15  INFO [org.zerock.m2.dao.JdbcTemplate] END
2021-08-12 05:17:15  INFO [org.zerock.m2.dao.JdbcTemplate] ------------finish--------------
2021-08-12 05:17:15  INFO [org.zerock.m2.dao.JdbcTemplate] Template ResultSet: null
2021-08-12 05:17:15  INFO [org.zerock.m2.dao.JdbcTemplate] Template PreparedStatement: com.mysql.cj.jdbc.ClientPreparedStatement: insert into tbl_msg (who,whom,content) values ('user0','user5','Sample ..93')
2021-08-12 05:17:15  INFO [org.zerock.m2.dao.JdbcTemplate] com.mysql.cj.jdbc.ConnectionImpl@7956f59
2021-08-12 05:17:15  INFO [org.zerock.m2.dao.JdbcTemplate] makeConnection
2021-08-12 05:17:15  INFO [org.zerock.m2.dao.MsgDAO] count: 1
2021-08-12 05:17:15  INFO [org.zerock.m2.dao.JdbcTemplate] END
2021-08-12 05:17:15  INFO [org.zerock.m2.dao.JdbcTemplate] ------------finish--------------
2021-08-12 05:17:15  INFO [org.zerock.m2.dao.JdbcTemplate] Template ResultSet: null
2021-08-12 05:17:15  INFO [org.zerock.m2.dao.JdbcTemplate] Template PreparedStatement: com.mysql.cj.jdbc.ClientPreparedStatement: insert into tbl_msg (who,whom,content) values ('user0','user7','Sample ..94')
2021-08-12 05:17:15  INFO [org.zerock.m2.dao.JdbcTemplate] com.mysql.cj.jdbc.ConnectionImpl@3100d29b
2021-08-12 05:17:15  INFO [org.zerock.m2.dao.JdbcTemplate] makeConnection
2021-08-12 05:17:15  INFO [org.zerock.m2.dao.MsgDAO] count: 1
2021-08-12 05:17:15  INFO [org.zerock.m2.dao.JdbcTemplate] END
2021-08-12 05:17:15  INFO [org.zerock.m2.dao.JdbcTemplate] ------------finish--------------
2021-08-12 05:17:15  INFO [org.zerock.m2.dao.JdbcTemplate] Template ResultSet: null
2021-08-12 05:17:15  INFO [org.zerock.m2.dao.JdbcTemplate] Template PreparedStatement: com.mysql.cj.jdbc.ClientPreparedStatement: insert into tbl_msg (who,whom,content) values ('user6','user9','Sample ..95')
2021-08-12 05:17:15  INFO [org.zerock.m2.dao.JdbcTemplate] com.mysql.cj.jdbc.ConnectionImpl@1c0484b9
2021-08-12 05:17:15  INFO [org.zerock.m2.dao.JdbcTemplate] makeConnection
2021-08-12 05:17:15  INFO [org.zerock.m2.dao.MsgDAO] count: 1
2021-08-12 05:17:15  INFO [org.zerock.m2.dao.JdbcTemplate] END
2021-08-12 05:17:15  INFO [org.zerock.m2.dao.JdbcTemplate] ------------finish--------------
2021-08-12 05:17:15  INFO [org.zerock.m2.dao.JdbcTemplate] Template ResultSet: null
2021-08-12 05:17:15  INFO [org.zerock.m2.dao.JdbcTemplate] Template PreparedStatement: com.mysql.cj.jdbc.ClientPreparedStatement: insert into tbl_msg (who,whom,content) values ('user0','user3','Sample ..96')
2021-08-12 05:17:15  INFO [org.zerock.m2.dao.JdbcTemplate] com.mysql.cj.jdbc.ConnectionImpl@7a93c57e
2021-08-12 05:17:15  INFO [org.zerock.m2.dao.JdbcTemplate] makeConnection
2021-08-12 05:17:15  INFO [org.zerock.m2.dao.MsgDAO] count: 1
2021-08-12 05:17:15  INFO [org.zerock.m2.dao.JdbcTemplate] END
2021-08-12 05:17:15  INFO [org.zerock.m2.dao.JdbcTemplate] ------------finish--------------
2021-08-12 05:17:15  INFO [org.zerock.m2.dao.JdbcTemplate] Template ResultSet: null
2021-08-12 05:17:15  INFO [org.zerock.m2.dao.JdbcTemplate] Template PreparedStatement: com.mysql.cj.jdbc.ClientPreparedStatement: insert into tbl_msg (who,whom,content) values ('user5','user1','Sample ..97')
2021-08-12 05:17:15  INFO [org.zerock.m2.dao.JdbcTemplate] com.mysql.cj.jdbc.ConnectionImpl@43af390b
2021-08-12 05:17:15  INFO [org.zerock.m2.dao.JdbcTemplate] makeConnection
2021-08-12 05:17:15  INFO [org.zerock.m2.dao.MsgDAO] count: 1
2021-08-12 05:17:15  INFO [org.zerock.m2.dao.JdbcTemplate] END
2021-08-12 05:17:15  INFO [org.zerock.m2.dao.JdbcTemplate] ------------finish--------------
2021-08-12 05:17:15  INFO [org.zerock.m2.dao.JdbcTemplate] Template ResultSet: null
2021-08-12 05:17:15  INFO [org.zerock.m2.dao.JdbcTemplate] Template PreparedStatement: com.mysql.cj.jdbc.ClientPreparedStatement: insert into tbl_msg (who,whom,content) values ('user9','user7','Sample ..98')
2021-08-12 05:17:15  INFO [org.zerock.m2.dao.JdbcTemplate] com.mysql.cj.jdbc.ConnectionImpl@7d8d315a
2021-08-12 05:17:15  INFO [org.zerock.m2.dao.JdbcTemplate] makeConnection
2021-08-12 05:17:15  INFO [org.zerock.m2.dao.MsgDAO] count: 1
2021-08-12 05:17:15  INFO [org.zerock.m2.dao.JdbcTemplate] END
2021-08-12 05:17:15  INFO [org.zerock.m2.dao.JdbcTemplate] ------------finish--------------
2021-08-12 05:17:15  INFO [org.zerock.m2.dao.JdbcTemplate] Template ResultSet: null
2021-08-12 05:17:15  INFO [org.zerock.m2.dao.JdbcTemplate] Template PreparedStatement: com.mysql.cj.jdbc.ClientPreparedStatement: insert into tbl_msg (who,whom,content) values ('user7','user1','Sample ..99')
2021-08-12 05:17:15  INFO [org.zerock.m2.dao.JdbcTemplate] com.mysql.cj.jdbc.ConnectionImpl@4e00f913
2021-08-12 05:17:15  INFO [org.zerock.m2.dao.JdbcTemplate] makeConnection
2021-08-12 05:17:15  INFO [org.zerock.m2.dao.MsgDAO] count: 1
2021-08-12 05:17:15  INFO [org.zerock.m2.dao.JdbcTemplate] END
2021-08-12 05:17:15  INFO [org.zerock.m2.dao.JdbcTemplate] ------------finish--------------
2021-08-12 05:17:15  INFO [org.zerock.m2.dao.JdbcTemplate] Template ResultSet: null
2021-08-12 05:17:15  INFO [org.zerock.m2.dao.JdbcTemplate] Template PreparedStatement: com.mysql.cj.jdbc.ClientPreparedStatement: insert into tbl_msg (who,whom,content) values ('user8','user4','Sample ..100')
2021-08-12 05:17:15  INFO [org.zerock.m2.dao.JdbcTemplate] com.mysql.cj.jdbc.ConnectionImpl@24b3962f
2021-08-12 05:17:15  INFO [org.zerock.m2.dao.JdbcTemplate] makeConnection
2021-08-12 05:17:15  INFO [org.zerock.m2.dao.JdbcTemplate] END
2021-08-12 05:17:15  INFO [org.zerock.m2.dao.JdbcTemplate] ------------finish--------------
2021-08-12 05:17:15  INFO [org.zerock.m2.dao.JdbcTemplate] Template ResultSet: com.mysql.cj.jdbc.result.ResultSetImpl@272c25b
2021-08-12 05:17:15  INFO [org.zerock.m2.dao.JdbcTemplate] Template PreparedStatement: com.mysql.cj.jdbc.ClientPreparedStatement: select mno, who, whom, content, regdate, opendate from tbl_msg where mno = 111
2021-08-12 05:17:15  INFO [org.zerock.m2.dao.JdbcTemplate] com.mysql.cj.jdbc.ConnectionImpl@7e625dbd
2021-08-12 05:17:15  INFO [org.zerock.m2.dao.MsgDAOTests] MsgDTO(mno=111, who=user4, whom=user7, content=Sample ..79, regDate=2021-08-11 12:53:42.0, openDate=null)
]]></system-out>
  <system-err><![CDATA[Warning: Nashorn engine is planned to be removed from a future JDK release
]]></system-err>
</testsuite>
